This is pdfTeX, Version 3.14159265-2.6-1.40.16 (TeX Live 2015) (preloaded format=pdflatex 2017.3.9)  22 APR 2019 14:31
entering extended mode
 restricted \write18 enabled.
 file:line:error style messages enabled.
 %&-line parsing enabled.
**main.tex
(./main.tex
LaTeX2e <2016/03/31>
Babel <3.9q> and hyphenation patterns for 81 language(s) loaded.
(/usr/local/texlive/2015/texmf-dist/tex/latex/IEEEtran/IEEEtran.cls
Document Class: IEEEtran 2015/08/26 V1.8b by Michael Shell
-- See the "IEEEtran_HOWTO" manual for usage information.
-- http://www.michaelshell.org/tex/ieeetran/
\@IEEEtrantmpdimenA=\dimen102
\@IEEEtrantmpdimenB=\dimen103
\@IEEEtrantmpdimenC=\dimen104
\@IEEEtrantmpcountA=\count79
\@IEEEtrantmpcountB=\count80
\@IEEEtrantmpcountC=\count81
\@IEEEtrantmptoksA=\toks14
LaTeX Font Info:    Try loading font information for OT1+ptm on input line 503.

(/usr/local/texlive/2015/texmf-dist/tex/latex/psnfss/ot1ptm.fd
File: ot1ptm.fd 2001/06/04 font definitions for OT1/ptm.
)
-- Using 8.5in x 11in (letter) paper.
-- Using PDF output.
\@IEEEnormalsizeunitybaselineskip=\dimen105
-- This is a 12 point document.
\CLASSINFOnormalsizebaselineskip=\dimen106
\CLASSINFOnormalsizeunitybaselineskip=\dimen107
\IEEEnormaljot=\dimen108
LaTeX Font Info:    Font shape `OT1/ptm/bx/n' in size <6> not available
(Font)              Font shape `OT1/ptm/b/n' tried instead on input line 1090.
LaTeX Font Info:    Font shape `OT1/ptm/bx/it' in size <6> not available
(Font)              Font shape `OT1/ptm/b/it' tried instead on input line 1090.

LaTeX Font Info:    Font shape `OT1/ptm/bx/n' in size <8> not available
(Font)              Font shape `OT1/ptm/b/n' tried instead on input line 1090.
LaTeX Font Info:    Font shape `OT1/ptm/bx/it' in size <8> not available
(Font)              Font shape `OT1/ptm/b/it' tried instead on input line 1090.

LaTeX Font Info:    Font shape `OT1/ptm/bx/n' in size <9> not available
(Font)              Font shape `OT1/ptm/b/n' tried instead on input line 1090.
LaTeX Font Info:    Font shape `OT1/ptm/bx/it' in size <9> not available
(Font)              Font shape `OT1/ptm/b/it' tried instead on input line 1090.

LaTeX Font Info:    Font shape `OT1/ptm/bx/n' in size <10> not available
(Font)              Font shape `OT1/ptm/b/n' tried instead on input line 1090.
LaTeX Font Info:    Font shape `OT1/ptm/bx/it' in size <10> not available
(Font)              Font shape `OT1/ptm/b/it' tried instead on input line 1090.

LaTeX Font Info:    Font shape `OT1/ptm/bx/n' in size <12> not available
(Font)              Font shape `OT1/ptm/b/n' tried instead on input line 1090.
LaTeX Font Info:    Font shape `OT1/ptm/bx/it' in size <12> not available
(Font)              Font shape `OT1/ptm/b/it' tried instead on input line 1090.

LaTeX Font Info:    Font shape `OT1/ptm/bx/n' in size <14> not available
(Font)              Font shape `OT1/ptm/b/n' tried instead on input line 1090.
LaTeX Font Info:    Font shape `OT1/ptm/bx/it' in size <14> not available
(Font)              Font shape `OT1/ptm/b/it' tried instead on input line 1090.

LaTeX Font Info:    Font shape `OT1/ptm/bx/n' in size <20> not available
(Font)              Font shape `OT1/ptm/b/n' tried instead on input line 1090.
LaTeX Font Info:    Font shape `OT1/ptm/bx/it' in size <20> not available
(Font)              Font shape `OT1/ptm/b/it' tried instead on input line 1090.

LaTeX Font Info:    Font shape `OT1/ptm/bx/n' in size <22> not available
(Font)              Font shape `OT1/ptm/b/n' tried instead on input line 1090.
LaTeX Font Info:    Font shape `OT1/ptm/bx/it' in size <22> not available
(Font)              Font shape `OT1/ptm/b/it' tried instead on input line 1090.

LaTeX Font Info:    Font shape `OT1/ptm/bx/n' in size <24> not available
(Font)              Font shape `OT1/ptm/b/n' tried instead on input line 1090.
LaTeX Font Info:    Font shape `OT1/ptm/bx/it' in size <24> not available
(Font)              Font shape `OT1/ptm/b/it' tried instead on input line 1090.

\IEEEquantizedlength=\dimen109
\IEEEquantizedlengthdiff=\dimen110
\IEEEquantizedtextheightdiff=\dimen111
\IEEEilabelindentA=\dimen112
\IEEEilabelindentB=\dimen113
\IEEEilabelindent=\dimen114
\IEEEelabelindent=\dimen115
\IEEEdlabelindent=\dimen116
\IEEElabelindent=\dimen117
\IEEEiednormlabelsep=\dimen118
\IEEEiedmathlabelsep=\dimen119
\IEEEiedtopsep=\skip41
\c@section=\count82
\c@subsection=\count83
\c@subsubsection=\count84
\c@paragraph=\count85
\c@IEEEsubequation=\count86
\abovecaptionskip=\skip42
\belowcaptionskip=\skip43
\c@figure=\count87
\c@table=\count88
\@IEEEeqnnumcols=\count89
\@IEEEeqncolcnt=\count90
\@IEEEsubeqnnumrollback=\count91
\@IEEEquantizeheightA=\dimen120
\@IEEEquantizeheightB=\dimen121
\@IEEEquantizeheightC=\dimen122
\@IEEEquantizeprevdepth=\dimen123
\@IEEEquantizemultiple=\count92
\@IEEEquantizeboxA=\box26
\@IEEEtmpitemindent=\dimen124
\IEEEPARstartletwidth=\dimen125
\c@IEEEbiography=\count93
\@IEEEtranrubishbin=\box27
) (/usr/local/texlive/2015/texmf-dist/tex/latex/base/fontenc.sty
Package: fontenc 2005/09/27 v1.99g Standard LaTeX package

(/usr/local/texlive/2015/texmf-dist/tex/latex/base/t1enc.def
File: t1enc.def 2005/09/27 v1.99g Standard LaTeX file
LaTeX Font Info:    Redeclaring font encoding T1 on input line 48.
)
LaTeX Font Info:    Try loading font information for T1+ptm on input line 105.

(/usr/local/texlive/2015/texmf-dist/tex/latex/psnfss/t1ptm.fd
File: t1ptm.fd 2001/06/04 font definitions for T1/ptm.
))
(/usr/local/texlive/2015/texmf-dist/tex/latex/subfigure/subfigure.sty
Package: subfigure 2002/03/15 v2.1.5 subfigure package
\subfigtopskip=\skip44
\subfigcapskip=\skip45
\subfigcaptopadj=\dimen126
\subfigbottomskip=\skip46
\subfigcapmargin=\dimen127
\subfiglabelskip=\skip47
\c@subfigure=\count94
\c@lofdepth=\count95
\c@subtable=\count96
\c@lotdepth=\count97

****************************************
* Local config file subfigure.cfg used *
****************************************
(/usr/local/texlive/2015/texmf-dist/tex/latex/subfigure/subfigure.cfg)
\subfig@top=\skip48
\subfig@bottom=\skip49
)
(/usr/local/texlive/2015/texmf-dist/tex/generic/ulem/ulem.sty
\UL@box=\box28
\UL@hyphenbox=\box29
\UL@skip=\skip50
\UL@hook=\toks15
\UL@height=\dimen128
\UL@pe=\count98
\UL@pixel=\dimen129
\ULC@box=\box30
Package: ulem 2012/05/18
\ULdepth=\dimen130
)
(/usr/local/texlive/2015/texmf-dist/tex/latex/amsmath/amsmath.sty
Package: amsmath 2016/03/10 v2.15b AMS math features
\@mathmargin=\skip51

For additional information on amsmath, use the `?' option.
(/usr/local/texlive/2015/texmf-dist/tex/latex/amsmath/amstext.sty
Package: amstext 2000/06/29 v2.01 AMS text

(/usr/local/texlive/2015/texmf-dist/tex/latex/amsmath/amsgen.sty
File: amsgen.sty 1999/11/30 v2.0 generic functions
\@emptytoks=\toks16
\ex@=\dimen131
))
(/usr/local/texlive/2015/texmf-dist/tex/latex/amsmath/amsbsy.sty
Package: amsbsy 1999/11/29 v1.2d Bold Symbols
\pmbraise@=\dimen132
)
(/usr/local/texlive/2015/texmf-dist/tex/latex/amsmath/amsopn.sty
Package: amsopn 2016/03/08 v2.02 operator names
)
\inf@bad=\count99
LaTeX Info: Redefining \frac on input line 199.
\uproot@=\count100
\leftroot@=\count101
LaTeX Info: Redefining \overline on input line 297.
\classnum@=\count102
\DOTSCASE@=\count103
LaTeX Info: Redefining \ldots on input line 394.
LaTeX Info: Redefining \dots on input line 397.
LaTeX Info: Redefining \cdots on input line 518.
\Mathstrutbox@=\box31
\strutbox@=\box32
\big@size=\dimen133
LaTeX Font Info:    Redeclaring font encoding OML on input line 634.
LaTeX Font Info:    Redeclaring font encoding OMS on input line 635.
\macc@depth=\count104
\c@MaxMatrixCols=\count105
\dotsspace@=\muskip10
\c@parentequation=\count106
\dspbrk@lvl=\count107
\tag@help=\toks17
\row@=\count108
\column@=\count109
\maxfields@=\count110
\andhelp@=\toks18
\eqnshift@=\dimen134
\alignsep@=\dimen135
\tagshift@=\dimen136
\tagwidth@=\dimen137
\totwidth@=\dimen138
\lineht@=\dimen139
\@envbody=\toks19
\multlinegap=\skip52
\multlinetaggap=\skip53
\mathdisplay@stack=\toks20
LaTeX Info: Redefining \[ on input line 2739.
LaTeX Info: Redefining \] on input line 2740.
)
(/usr/local/texlive/2015/texmf-dist/tex/latex/tools/hhline.sty
Package: hhline 2014/10/28 v2.03 Table rule package (DPC)
)
(/usr/local/texlive/2015/texmf-dist/tex/latex/yfonts/yfonts.sty
Package: yfonts 2003/01/08 v1.3 (WaS)
)
(/usr/local/texlive/2015/texmf-dist/tex/latex/graphics/color.sty
Package: color 2016/01/03 v1.1b Standard LaTeX Color (DPC)

(/usr/local/texlive/2015/texmf-dist/tex/latex/latexconfig/color.cfg
File: color.cfg 2007/01/18 v1.5 color configuration of teTeX/TeXLive
)
Package color Info: Driver file: pdftex.def on input line 143.

(/usr/local/texlive/2015/texmf-dist/tex/latex/pdftex-def/pdftex.def
File: pdftex.def 2011/05/27 v0.06d Graphics/color for pdfTeX

(/usr/local/texlive/2015/texmf-dist/tex/generic/oberdiek/infwarerr.sty
Package: infwarerr 2010/04/08 v1.3 Providing info/warning/error messages (HO)
)
(/usr/local/texlive/2015/texmf-dist/tex/generic/oberdiek/ltxcmds.sty
Package: ltxcmds 2011/11/09 v1.22 LaTeX kernel commands for general use (HO)
)
\Gread@gobject=\count111
))
(/usr/local/texlive/2015/texmf-dist/tex/latex/soul/soul.sty
Package: soul 2003/11/17 v2.4 letterspacing/underlining (mf)
\SOUL@word=\toks21
\SOUL@lasttoken=\toks22
\SOUL@cmds=\toks23
\SOUL@buffer=\toks24
\SOUL@token=\toks25
\SOUL@spaceskip=\skip54
\SOUL@ttwidth=\dimen140
\SOUL@uldp=\dimen141
\SOUL@ulht=\dimen142
)
(/usr/local/texlive/2015/texmf-dist/tex/latex/xcolor/xcolor.sty
Package: xcolor 2007/01/21 v2.11 LaTeX color extensions (UK)

(/usr/local/texlive/2015/texmf-dist/tex/latex/latexconfig/color.cfg
File: color.cfg 2007/01/18 v1.5 color configuration of teTeX/TeXLive
)
Package xcolor Info: Driver file: pdftex.def on input line 225.
LaTeX Info: Redefining \color on input line 702.
Package xcolor Info: Model `cmy' substituted by `cmy0' on input line 1337.
Package xcolor Info: Model `hsb' substituted by `rgb' on input line 1341.
Package xcolor Info: Model `RGB' extended on input line 1353.
Package xcolor Info: Model `HTML' substituted by `rgb' on input line 1355.
Package xcolor Info: Model `Hsb' substituted by `hsb' on input line 1356.
Package xcolor Info: Model `tHsb' substituted by `hsb' on input line 1357.
Package xcolor Info: Model `HSB' substituted by `hsb' on input line 1358.
Package xcolor Info: Model `Gray' substituted by `gray' on input line 1359.
Package xcolor Info: Model `wave' substituted by `hsb' on input line 1360.
)
(/usr/local/texlive/2015/texmf-dist/tex/latex/tools/verbatim.sty
Package: verbatim 2014/10/28 v1.5q LaTeX2e package for verbatim enhancements
\every@verbatim=\toks26
\verbatim@line=\toks27
\verbatim@in@stream=\read1
)
(/usr/local/texlive/2015/texmf-dist/tex/latex/amsfonts/amssymb.sty
Package: amssymb 2013/01/14 v3.01 AMS font symbols

(/usr/local/texlive/2015/texmf-dist/tex/latex/amsfonts/amsfonts.sty
Package: amsfonts 2013/01/14 v3.01 Basic AMSFonts support
\symAMSa=\mathgroup4
\symAMSb=\mathgroup5
LaTeX Font Info:    Overwriting math alphabet `\mathfrak' in version `bold'
(Font)                  U/euf/m/n --> U/euf/b/n on input line 106.
))
(/usr/local/texlive/2015/texmf-dist/tex/latex/amscls/amsthm.sty
Package: amsthm 2015/03/04 v2.20.2
\thm@style=\toks28
\thm@bodyfont=\toks29
\thm@headfont=\toks30
\thm@notefont=\toks31
\thm@headpunct=\toks32
\thm@preskip=\skip55
\thm@postskip=\skip56
\thm@headsep=\skip57
\dth@everypar=\toks33
)
(/usr/local/texlive/2015/texmf-dist/tex/latex/float/float.sty
Package: float 2001/11/08 v1.3d Float enhancements (AL)
\c@float@type=\count112
\float@exts=\toks34
\float@box=\box33
\@float@everytoks=\toks35
\@floatcapt=\box34
)
(/usr/local/texlive/2015/texmf-dist/tex/latex/tools/bm.sty
Package: bm 2016/02/27 v1.2a Bold Symbol Support (DPC/FMi)
\symboldoperators=\mathgroup6
\symboldletters=\mathgroup7
\symboldsymbols=\mathgroup8
LaTeX Font Info:    Redeclaring math alphabet \mathbf on input line 142.
LaTeX Info: Redefining \bm on input line 208.
)
(/usr/local/texlive/2015/texmf-dist/tex/latex/url/url.sty
\Urlmuskip=\muskip11
Package: url 2013/09/16  ver 3.4  Verb mode for urls, etc.
)
(/usr/local/texlive/2015/texmf-dist/tex/latex/tools/array.sty
Package: array 2014/10/28 v2.4c Tabular extension package (FMi)
\col@sep=\dimen143
\extrarowheight=\dimen144
\NC@list=\toks36
\extratabsurround=\skip58
\backup@length=\skip59
)
(/usr/local/texlive/2015/texmf-dist/tex/latex/cite/cite.sty
LaTeX Info: Redefining \cite on input line 302.
LaTeX Info: Redefining \nocite on input line 332.
Package: cite 2015/02/27  v 5.5
)
(/usr/local/texlive/2015/texmf-dist/tex/latex/graphics/graphicx.sty
Package: graphicx 2014/10/28 v1.0g Enhanced LaTeX Graphics (DPC,SPQR)

(/usr/local/texlive/2015/texmf-dist/tex/latex/graphics/keyval.sty
Package: keyval 2014/10/28 v1.15 key=value parser (DPC)
\KV@toks@=\toks37
)
(/usr/local/texlive/2015/texmf-dist/tex/latex/graphics/graphics.sty
Package: graphics 2016/01/03 v1.0q Standard LaTeX Graphics (DPC,SPQR)

(/usr/local/texlive/2015/texmf-dist/tex/latex/graphics/trig.sty
Package: trig 2016/01/03 v1.10 sin cos tan (DPC)
)
(/usr/local/texlive/2015/texmf-dist/tex/latex/latexconfig/graphics.cfg
File: graphics.cfg 2010/04/23 v1.9 graphics configuration of TeX Live
)
Package graphics Info: Driver file: pdftex.def on input line 95.
)
\Gin@req@height=\dimen145
\Gin@req@width=\dimen146
)
(/usr/local/texlive/2015/texmf-dist/tex/latex/framed/framed.sty
Package: framed 2011/10/22 v 0.96: framed or shaded text with page breaks
\OuterFrameSep=\skip60
\fb@frw=\dimen147
\fb@frh=\dimen148
\FrameRule=\dimen149
\FrameSep=\dimen150
)
(/usr/local/texlive/2015/texmf-dist/tex/latex/preprint/balance.sty
Package: balance 1999/02/23 4.3 (PWD)
\oldvsize=\dimen151
)
(/usr/local/texlive/2015/texmf-dist/tex/latex/graphics/epsfig.sty
Package: epsfig 1999/02/16 v1.7a (e)psfig emulation (SPQR)
\epsfxsize=\dimen152
\epsfysize=\dimen153
)
(/usr/local/texlive/2015/texmf-dist/tex/latex/oberdiek/epstopdf.sty
Package: epstopdf 2010/02/09 v2.5 Conversion with epstopdf on the fly (HO)

(/usr/local/texlive/2015/texmf-dist/tex/latex/oberdiek/epstopdf-base.sty
Package: epstopdf-base 2010/02/09 v2.5 Base part for package epstopdf

(/usr/local/texlive/2015/texmf-dist/tex/latex/oberdiek/grfext.sty
Package: grfext 2010/08/19 v1.1 Manage graphics extensions (HO)

(/usr/local/texlive/2015/texmf-dist/tex/generic/oberdiek/kvdefinekeys.sty
Package: kvdefinekeys 2011/04/07 v1.3 Define keys (HO)
))
(/usr/local/texlive/2015/texmf-dist/tex/latex/oberdiek/kvoptions.sty
Package: kvoptions 2011/06/30 v3.11 Key value format for package options (HO)

(/usr/local/texlive/2015/texmf-dist/tex/generic/oberdiek/kvsetkeys.sty
Package: kvsetkeys 2012/04/25 v1.16 Key value parser (HO)

(/usr/local/texlive/2015/texmf-dist/tex/generic/oberdiek/etexcmds.sty
Package: etexcmds 2011/02/16 v1.5 Avoid name clashes with e-TeX commands (HO)

(/usr/local/texlive/2015/texmf-dist/tex/generic/oberdiek/ifluatex.sty
Package: ifluatex 2010/03/01 v1.3 Provides the ifluatex switch (HO)
Package ifluatex Info: LuaTeX not detected.
)
Package etexcmds Info: Could not find \expanded.
(etexcmds)             That can mean that you are not using pdfTeX 1.50 or
(etexcmds)             that some package has redefined \expanded.
(etexcmds)             In the latter case, load this package earlier.
)))
(/usr/local/texlive/2015/texmf-dist/tex/generic/oberdiek/pdftexcmds.sty
Package: pdftexcmds 2011/11/29 v0.20 Utility functions of pdfTeX for LuaTeX (HO
)

(/usr/local/texlive/2015/texmf-dist/tex/generic/oberdiek/ifpdf.sty
Package: ifpdf 2011/01/30 v2.3 Provides the ifpdf switch (HO)
Package ifpdf Info: pdfTeX in PDF mode is detected.
)
Package pdftexcmds Info: LuaTeX not detected.
Package pdftexcmds Info: \pdf@primitive is available.
Package pdftexcmds Info: \pdf@ifprimitive is available.
Package pdftexcmds Info: \pdfdraftmode found.
)
Package grfext Info: Graphics extension search list:
(grfext)             [.png,.pdf,.jpg,.mps,.jpeg,.jbig2,.jb2,.PNG,.PDF,.JPG,.JPE
G,.JBIG2,.JB2,.eps]
(grfext)             \AppendGraphicsExtensions on input line 452.

(/usr/local/texlive/2015/texmf-dist/tex/latex/latexconfig/epstopdf-sys.cfg
File: epstopdf-sys.cfg 2010/07/13 v1.3 Configuration of (r)epstopdf for TeX Liv
e
)))
(/usr/local/texlive/2015/texmf-dist/tex/latex/booktabs/booktabs.sty
Package: booktabs 2005/04/14 v1.61803 publication quality tables
\heavyrulewidth=\dimen154
\lightrulewidth=\dimen155
\cmidrulewidth=\dimen156
\belowrulesep=\dimen157
\belowbottomsep=\dimen158
\aboverulesep=\dimen159
\abovetopsep=\dimen160
\cmidrulesep=\dimen161
\cmidrulekern=\dimen162
\defaultaddspace=\dimen163
\@cmidla=\count113
\@cmidlb=\count114
\@aboverulesep=\dimen164
\@belowrulesep=\dimen165
\@thisruleclass=\count115
\@lastruleclass=\count116
\@thisrulewidth=\dimen166
)
(/usr/local/texlive/2015/texmf-dist/tex/latex/psnfss/courier.sty
Package: courier 2005/04/12 PSNFSS-v9.2a (WaS) 
)
(/usr/local/texlive/2015/texmf-dist/tex/latex/pseudocode/pseudocode.sty
** 
** Document Style `pseudocode' - environment 
** by D.L. Kreher and D.R. Stinson 
** 
** The pseudocode environment was originally developed for the book
** Combinatorial Algorithms: Enumeration, Generation, and Search
** CRC Press, 1999. 
Package: pseudocode 
\pcode@width=\skip61
(/usr/local/texlive/2015/texmf-dist/tex/latex/fancybox/fancybox.sty
Package: fancybox 2010/05/15 1.4

Style option: `fancybox' v1.4 <2010/05/15> (tvz)
\@fancybox=\box35
\shadowsize=\dimen167
\@Sbox=\box36
\do@VerbBox=\toks38
\the@fancyput=\toks39
\this@fancyput=\toks40
\EndVerbatimTokens=\toks41
\Verbatim@Outfile=\write3
\Verbatim@Infile=\read2
) (/usr/local/texlive/2015/texmf-dist/tex/latex/base/ifthen.sty
Package: ifthen 2014/09/29 v1.1c Standard LaTeX ifthen package (DPC)
)
\c@pseudocode=\count117
\c@pseudonum=\count118
)
(/usr/local/texlive/2015/texmf-dist/tex/latex/tools/enumerate.sty
Package: enumerate 2015/07/23 v3.00 enumerate extensions (DPC)
\@enLab=\toks42
)
(/usr/local/texlive/2015/texmf-dist/tex/latex/algorithms/algorithm.sty
Package: algorithm 2009/08/24 v0.1 Document Style `algorithm' - floating enviro
nment
\@float@every@algorithm=\toks43
\c@algorithm=\count119
)
(/usr/local/texlive/2015/texmf-dist/tex/latex/algorithmicx/algpseudocode.sty
Package: algpseudocode 

(/usr/local/texlive/2015/texmf-dist/tex/latex/algorithmicx/algorithmicx.sty
Package: algorithmicx 2005/04/27 v1.2 Algorithmicx

Document Style algorithmicx 1.2 - a greatly improved `algorithmic' style
\c@ALG@line=\count120
\c@ALG@rem=\count121
\c@ALG@nested=\count122
\ALG@tlm=\skip62
\ALG@thistlm=\skip63
\c@ALG@Lnr=\count123
\c@ALG@blocknr=\count124
\c@ALG@storecount=\count125
\c@ALG@tmpcounter=\count126
\ALG@tmplength=\skip64
)
Document Style - pseudocode environments for use with the `algorithmicx' style
)
\c@definition=\count127
\c@theorem=\count128
\c@assumption=\count129
\c@remark=\count130

No file main.aux.
\openout1 = `main.aux'.

LaTeX Font Info:    Checking defaults for OML/cmm/m/it on input line 53.
LaTeX Font Info:    ... okay on input line 53.
LaTeX Font Info:    Checking defaults for T1/cmr/m/n on input line 53.
LaTeX Font Info:    ... okay on input line 53.
LaTeX Font Info:    Checking defaults for OT1/cmr/m/n on input line 53.
LaTeX Font Info:    ... okay on input line 53.
LaTeX Font Info:    Checking defaults for OMS/cmsy/m/n on input line 53.
LaTeX Font Info:    ... okay on input line 53.
LaTeX Font Info:    Checking defaults for OMX/cmex/m/n on input line 53.
LaTeX Font Info:    ... okay on input line 53.
LaTeX Font Info:    Checking defaults for U/cmr/m/n on input line 53.
LaTeX Font Info:    ... okay on input line 53.
LaTeX Font Info:    Checking defaults for LY/yfrak/m/n on input line 53.
LaTeX Font Info:    ... okay on input line 53.
LaTeX Font Info:    Checking defaults for LYG/ygoth/m/n on input line 53.
LaTeX Font Info:    ... okay on input line 53.
LaTeX Font Info:    Font shape `T1/ptm/bx/n' in size <6> not available
(Font)              Font shape `T1/ptm/b/n' tried instead on input line 53.
LaTeX Font Info:    Font shape `T1/ptm/bx/it' in size <6> not available
(Font)              Font shape `T1/ptm/b/it' tried instead on input line 53.
LaTeX Font Info:    Font shape `T1/ptm/bx/n' in size <8> not available
(Font)              Font shape `T1/ptm/b/n' tried instead on input line 53.
LaTeX Font Info:    Font shape `T1/ptm/bx/it' in size <8> not available
(Font)              Font shape `T1/ptm/b/it' tried instead on input line 53.
LaTeX Font Info:    Font shape `T1/ptm/bx/n' in size <9> not available
(Font)              Font shape `T1/ptm/b/n' tried instead on input line 53.
LaTeX Font Info:    Font shape `T1/ptm/bx/it' in size <9> not available
(Font)              Font shape `T1/ptm/b/it' tried instead on input line 53.
LaTeX Font Info:    Font shape `T1/ptm/bx/n' in size <10> not available
(Font)              Font shape `T1/ptm/b/n' tried instead on input line 53.
LaTeX Font Info:    Font shape `T1/ptm/bx/it' in size <10> not available
(Font)              Font shape `T1/ptm/b/it' tried instead on input line 53.
LaTeX Font Info:    Font shape `T1/ptm/bx/n' in size <12> not available
(Font)              Font shape `T1/ptm/b/n' tried instead on input line 53.
LaTeX Font Info:    Font shape `T1/ptm/bx/it' in size <12> not available
(Font)              Font shape `T1/ptm/b/it' tried instead on input line 53.
LaTeX Font Info:    Font shape `T1/ptm/bx/n' in size <14> not available
(Font)              Font shape `T1/ptm/b/n' tried instead on input line 53.
LaTeX Font Info:    Font shape `T1/ptm/bx/it' in size <14> not available
(Font)              Font shape `T1/ptm/b/it' tried instead on input line 53.
LaTeX Font Info:    Font shape `T1/ptm/bx/n' in size <20> not available
(Font)              Font shape `T1/ptm/b/n' tried instead on input line 53.
LaTeX Font Info:    Font shape `T1/ptm/bx/it' in size <20> not available
(Font)              Font shape `T1/ptm/b/it' tried instead on input line 53.
LaTeX Font Info:    Font shape `T1/ptm/bx/n' in size <22> not available
(Font)              Font shape `T1/ptm/b/n' tried instead on input line 53.
LaTeX Font Info:    Font shape `T1/ptm/bx/it' in size <22> not available
(Font)              Font shape `T1/ptm/b/it' tried instead on input line 53.
LaTeX Font Info:    Font shape `T1/ptm/bx/n' in size <24> not available
(Font)              Font shape `T1/ptm/b/n' tried instead on input line 53.
LaTeX Font Info:    Font shape `T1/ptm/bx/it' in size <24> not available
(Font)              Font shape `T1/ptm/b/it' tried instead on input line 53.
-- Lines per column: 32 (exact).
(/usr/local/texlive/2015/texmf-dist/tex/context/base/supp-pdf.mkii
[Loading MPS to PDF converter (version 2006.09.02).]
\scratchcounter=\count131
\scratchdimen=\dimen168
\scratchbox=\box37
\nofMPsegments=\count132
\nofMParguments=\count133
\everyMPshowfont=\toks44
\MPscratchCnt=\count134
\MPscratchDim=\dimen169
\MPnumerator=\count135
\makeMPintoPDFobject=\count136
\everyMPtoPDFconversion=\toks45
)
LaTeX Font Info:    Try loading font information for U+msa on input line 67.
 (/usr/local/texlive/2015/texmf-dist/tex/latex/amsfonts/umsa.fd
File: umsa.fd 2013/01/14 v3.01 AMS symbols A
)
LaTeX Font Info:    Try loading font information for U+msb on input line 67.

(/usr/local/texlive/2015/texmf-dist/tex/latex/amsfonts/umsb.fd
File: umsb.fd 2013/01/14 v3.01 AMS symbols B
)

LaTeX Warning: Reference `1' on page 1 undefined on input line 77.

[1{/usr/local/texlive/2015/texmf-var/fonts/map/pdftex/updmap/pdftex.map}]
[2]

LaTeX Warning: Reference `2' on page 3 undefined on input line 127.

[3]
<Spectrum_Occupancy_Spatial_Markovian_Correlation.png, id=24, 1023.07219pt x 46
5.99094pt>
File: Spectrum_Occupancy_Spatial_Markovian_Correlation.png Graphic file (type p
ng)
 <use Spectrum_Occupancy_Spatial_Markovian_Correlation.png>
Package pdftex.def Info: Spectrum_Occupancy_Spatial_Markovian_Correlation.png u
sed on input line 154.
(pdftex.def)             Requested size: 469.75502pt x 213.96024pt.

<Spectrum_Occupancy_Spatial_Independence_2.png, id=25, 1021.56656pt x 465.99094
pt>
File: Spectrum_Occupancy_Spatial_Independence_2.png Graphic file (type png)
 <use Spectrum_Occupancy_Spatial_Independence_2.png>
Package pdftex.def Info: Spectrum_Occupancy_Spatial_Independence_2.png used on 
input line 160.
(pdftex.def)             Requested size: 469.75502pt x 214.28021pt.

Underfull \hbox (badness 10000) in paragraph at lines 166--169

 []

[4 <./Spectrum_Occupancy_Spatial_Markovian_Correlation.png>]
Overfull \hbox (8.73221pt too wide) detected at line 174
\U/msb/m/n/12 P\OT1/cmr/m/n/12 (\OML/cmm/m/it/12 Occupied\OMS/cmsy/m/n/12 j\OML
/cmm/m/it/12 Idle\OT1/cmr/m/n/12 )  =  \U/msb/m/n/12 P\OT1/cmr/m/n/12 (\OML/cmm
/m/it/12 X[] \OT1/cmr/m/n/12 = 1\OMS/cmsy/m/n/12 j\OML/cmm/m/it/12 X[] \OT1/cmr
/m/n/12 = 0)  =  \OML/cmm/m/it/12 p  \OT1/cmr/m/n/12 =  \U/msb/m/n/12 P\OT1/cmr
/m/n/12 (\OML/cmm/m/it/12 Occupied\OT1/cmr/m/n/12 )  =  \U/msb/m/n/12 P\OT1/cmr
/m/n/12 (\OML/cmm/m/it/12 X[]  \OT1/cmr/m/n/12 =  1)  = ^^E  =  0\OML/cmm/m/it/
12 :\OT1/cmr/m/n/12 6
 []

[5 <./Spectrum_Occupancy_Spatial_Independence_2.png>]

LaTeX Warning: Reference `2' on page 6 undefined on input line 191.


LaTeX Warning: Reference `7' on page 6 undefined on input line 196.


LaTeX Warning: Reference `8' on page 6 undefined on input line 200.

[6]
Overfull \hbox (12.00906pt too wide) detected at line 216
\OML/cmm/m/it/12 V[]  \OT1/cmr/m/n/12 =  \OML/cmm/m/it/12 max[]\OT1/cmr/m/n/12 
[\U/msb/m/n/12 P\OT1/cmr/m/n/12 (\OML/cmm/m/it/12 y[]; x[] \OT1/cmr/m/n/12 = \O
ML/cmm/m/it/12 l\OMS/cmsy/m/n/12 j\OML/cmm/m/it/12 x[] \OT1/cmr/m/n/12 = \OML/c
mm/m/it/12 j\OT1/cmr/m/n/12 )\OML/cmm/m/it/12 max[]\OT1/cmr/m/n/12 [\U/msb/m/n/
12 P\OT1/cmr/m/n/12 (\OML/cmm/m/it/12 y[]; y[]; :::; y[]; x[]; x[]; :::; x[]; y
[]; x[] \OT1/cmr/m/n/12 = \OML/cmm/m/it/12 j\OT1/cmr/m/n/12 )]]
 []


LaTeX Warning: Reference `8' on page 7 undefined on input line 217.


LaTeX Warning: Reference `16' on page 7 undefined on input line 240.

[7]
Overfull \hbox (8.19557pt too wide) detected at line 259
\OML/cmm/m/it/12 Ptr[] \OT1/cmr/m/n/12 = \OML/cmm/m/it/12 argmax[] \U/msb/m/n/1
2 P\OT1/cmr/m/n/12 (\OML/cmm/m/it/12 x[] \OT1/cmr/m/n/12 = \OML/cmm/m/it/12 l[]
\OMS/cmsy/m/n/12 j\OML/cmm/m/it/12 x[] \OT1/cmr/m/n/12 = \OML/cmm/m/it/12 j\OT1
/cmr/m/n/12 ) \OML/cmm/m/it/12 max[]\U/msb/m/n/12 P\OT1/cmr/m/n/12 (\OML/cmm/m/
it/12 y[]; y[]; :::; y[]; x[]; x[]; :::; x[]; y[]; x[] \OT1/cmr/m/n/12 = \OML/c
mm/m/it/12 j\OT1/cmr/m/n/12 )
 []


Overfull \hbox (8.19557pt too wide) detected at line 263
\OML/cmm/m/it/12 Ptr[] \OT1/cmr/m/n/12 = \OML/cmm/m/it/12 argmax[] max[] \U/msb
/m/n/12 P\OT1/cmr/m/n/12 (\OML/cmm/m/it/12 x[] \OT1/cmr/m/n/12 = \OML/cmm/m/it/
12 l[]\OMS/cmsy/m/n/12 j\OML/cmm/m/it/12 x[] \OT1/cmr/m/n/12 = \OML/cmm/m/it/12
 j\OT1/cmr/m/n/12 )\U/msb/m/n/12 P\OT1/cmr/m/n/12 (\OML/cmm/m/it/12 y[]; y[]; :
::; y[]; x[]; x[]; :::; x[]; y[]; x[] \OT1/cmr/m/n/12 = \OML/cmm/m/it/12 j\OT1/
cmr/m/n/12 )
 []


LaTeX Warning: Reference `20' on page 8 undefined on input line 264.


Overfull \hbox (28.42088pt too wide) detected at line 284
[] []
 []

[8]

LaTeX Warning: Reference `24' on page 9 undefined on input line 285.


Overfull \hbox (22.91527pt too wide) detected at line 290
[] []
 []


Overfull \hbox (12.77216pt too wide) detected at line 296
[] []
 []


LaTeX Warning: Reference `26' on page 9 undefined on input line 297.

[9] <DetectionAccuracy_v_p_test_3_final.png, id=51, 987.2082pt x 485.6544pt>
File: DetectionAccuracy_v_p_test_3_final.png Graphic file (type png)

<use DetectionAccuracy_v_p_test_3_final.png>
Package pdftex.def Info: DetectionAccuracy_v_p_test_3_final.png used on input l
ine 327.
(pdftex.def)             Requested size: 469.75502pt x 231.09581pt.
 [10 <./DetectionAccuracy_v_p_test_3_final.png>] [11

] [12]

LaTeX Warning: Reference `10' on page 13 undefined on input line 399.


LaTeX Warning: Reference `11' on page 13 undefined on input line 399.


Overfull \hbox (7.81206pt too wide) in paragraph at lines 401--406
\U/msb/m/n/12 P\OT1/cmr/m/n/12 (\OML/cmm/m/it/12 Occupied\OMS/cmsy/m/n/12 j\OML
/cmm/m/it/12 Idle\OT1/cmr/m/n/12 )  =  \OML/cmm/m/it/12 p$ \T1/ptm/m/n/12 is in
-cre-mented in steps of $\OT1/cmr/m/n/12 0\OML/cmm/m/it/12 :\OT1/cmr/m/n/12 03$
 \T1/ptm/m/n/12 from $\OT1/cmr/m/n/12 0\OML/cmm/m/it/12 :\OT1/cmr/m/n/12 03$ \T
1/ptm/m/n/12 all the way up to $\U/msb/m/n/12 P\OT1/cmr/m/n/12 (\OML/cmm/m/it/1
2 Occupied\OT1/cmr/m/n/12 )  =
 []

[13] <Uniform_Channel_Sensing_1.png, id=67, 462.528pt x 346.896pt>
File: Uniform_Channel_Sensing_1.png Graphic file (type png)

<use Uniform_Channel_Sensing_1.png>
Package pdftex.def Info: Uniform_Channel_Sensing_1.png used on input line 413.
(pdftex.def)             Requested size: 469.75502pt x 352.33655pt.

<Uniform_Channel_Sensing.png, id=68, 462.528pt x 346.896pt>
File: Uniform_Channel_Sensing.png Graphic file (type png)

<use Uniform_Channel_Sensing.png>
Package pdftex.def Info: Uniform_Channel_Sensing.png used on input line 419.
(pdftex.def)             Requested size: 469.75502pt x 352.33655pt.

<Uniform_Channel_Sensing_Duals.png, id=69, 462.528pt x 346.896pt>
File: Uniform_Channel_Sensing_Duals.png Graphic file (type png)

<use Uniform_Channel_Sensing_Duals.png>
Package pdftex.def Info: Uniform_Channel_Sensing_Duals.png used on input line 4
25.
(pdftex.def)             Requested size: 469.75502pt x 352.33655pt.

<Random_Channel_Sensing.png, id=70, 462.528pt x 346.896pt>
File: Random_Channel_Sensing.png Graphic file (type png)

<use Random_Channel_Sensing.png>
Package pdftex.def Info: Random_Channel_Sensing.png used on input line 431.
(pdftex.def)             Requested size: 469.75502pt x 352.33655pt.

<Random_Channel_Sensing_Duals.png, id=71, 462.528pt x 346.896pt>
File: Random_Channel_Sensing_Duals.png Graphic file (type png)

<use Random_Channel_Sensing_Duals.png>
Package pdftex.def Info: Random_Channel_Sensing_Duals.png used on input line 43
7.
(pdftex.def)             Requested size: 469.75502pt x 352.33655pt.
 [14] [15 <./Uniform_Channel_Sensing_1.png>] [16 <./Uniform_Channel_Sensing.png
>] [17 <./Uniform_Channel_Sensing_Duals.png>] [18 <./Random_Channel_Sensing.png
>] [19 <./Random_Channel_Sensing_Duals.png>]

LaTeX Warning: Reference `33' on page 20 undefined on input line 458.


Overfull \hbox (35.35704pt too wide) detected at line 470
\OML/cmm/m/it/12 A is a matrix of elements a[]  \OT1/cmr/m/n/12 =  [\OML/cmm/m/
it/12 A\OT1/cmr/m/n/12 ][] \OML/cmm/m/it/12 such that a[]  \OT1/cmr/m/n/12 =  \
U/msb/m/n/12 P\OT1/cmr/m/n/12 (\OML/cmm/m/it/12 x[]  \OT1/cmr/m/n/12 =  \OML/cm
m/m/it/12 r \OMS/cmsy/m/n/12 j \OML/cmm/m/it/12 x[]  \OT1/cmr/m/n/12 =  \OML/cm
m/m/it/12 m;  x[]  \OT1/cmr/m/n/12 =  \OML/cmm/m/it/12 n\OT1/cmr/m/n/12 )
 []

[20

]
Overfull \hbox (28.14856pt too wide) detected at line 472
\OML/cmm/m/it/12 r;  m;  n  \OMS/cmsy/m/n/12 2  f\OT1/cmr/m/n/12 0\OML/cmm/m/it
/12 ; \OT1/cmr/m/n/12 1\OMS/cmsy/m/n/12 g \OML/cmm/m/it/12 represents the PU oc
cupancy state in a particular channel at a particular time
 []


Overfull \hbox (8.73221pt too wide) detected at line 488
\U/msb/m/n/12 P\OT1/cmr/m/n/12 (\OML/cmm/m/it/12 Occupied\OMS/cmsy/m/n/12 j\OML
/cmm/m/it/12 Idle\OT1/cmr/m/n/12 )  =  \U/msb/m/n/12 P\OT1/cmr/m/n/12 (\OML/cmm
/m/it/12 X[] \OT1/cmr/m/n/12 = 1\OMS/cmsy/m/n/12 j\OML/cmm/m/it/12 X[] \OT1/cmr
/m/n/12 = 0)  =  \OML/cmm/m/it/12 p  \OT1/cmr/m/n/12 =  \U/msb/m/n/12 P\OT1/cmr
/m/n/12 (\OML/cmm/m/it/12 Occupied\OT1/cmr/m/n/12 )  =  \U/msb/m/n/12 P\OT1/cmr
/m/n/12 (\OML/cmm/m/it/12 X[]  \OT1/cmr/m/n/12 =  1)  = ^^E  =  0\OML/cmm/m/it/
12 :\OT1/cmr/m/n/12 6
 []


<Spectrum_Occupancy_SpatioTemporal_Markovian_Correlation.png, id=99, 1023.07219
pt x 465.99094pt>
File: Spectrum_Occupancy_SpatioTemporal_Markovian_Correlation.png Graphic file 
(type png)

<use Spectrum_Occupancy_SpatioTemporal_Markovian_Correlation.png>
Package pdftex.def Info: Spectrum_Occupancy_SpatioTemporal_Markovian_Correlatio
n.png used on input line 491.
(pdftex.def)             Requested size: 469.75502pt x 213.96024pt.

<Spectrum_Occupancy_SpatioTemporal_Independence_2.png, id=100, 1024.57782pt x 4
64.4853pt>
File: Spectrum_Occupancy_SpatioTemporal_Independence_2.png Graphic file (type p
ng)
 <use Spectrum_Occupancy_SpatioTemporal_Independence_2.png>
Package pdftex.def Info: Spectrum_Occupancy_SpatioTemporal_Independence_2.png u
sed on input line 497.
(pdftex.def)             Requested size: 469.75502pt x 212.95709pt.
 [21]
[22 <./Spectrum_Occupancy_SpatioTemporal_Markovian_Correlation.png> <./Spectrum
_Occupancy_SpatioTemporal_Independence_2.png>]
Overfull \hbox (1.36783pt too wide) in paragraph at lines 513--514
 \T1/ptm/b/n/12 2) Defin-ing the Prob-a-bil-ity terms: [][] \T1/ptm/m/n/12 The 
joint prob-a-bil-ity term for an-a-lyz-ing the state-observation
 []


Overfull \hbox (6.96382pt too wide) detected at line 528
\U/msb/m/n/12 P\OT1/cmr/m/n/12 (\OML/cmm/m/it/12 y[]\OMS/cmsy/m/n/12 j\OML/cmm/
m/it/12 x[] \OT1/cmr/m/n/12 = \OML/cmm/m/it/12 r; x[] \OT1/cmr/m/n/12 = \OML/cm
m/m/it/12 m; x[] \OT1/cmr/m/n/12 = \OML/cmm/m/it/12 n\OT1/cmr/m/n/12 )\U/msb/m/
n/12 P\OT1/cmr/m/n/12 (\OML/cmm/m/it/12 x[] \OT1/cmr/m/n/12 = \OML/cmm/m/it/12 
r\OMS/cmsy/m/n/12 j\OML/cmm/m/it/12 x[] \OT1/cmr/m/n/12 = \OML/cmm/m/it/12 m; x
[] \OT1/cmr/m/n/12 = \OML/cmm/m/it/12 n\OT1/cmr/m/n/12 )\U/msb/m/n/12 P\OT1/cmr
/m/n/12 (\OML/cmm/m/it/12 y[]; x[]\OT1/cmr/m/n/12 )
 []

[23]

LaTeX Warning: Reference `37' on page 24 undefined on input line 544.


LaTeX Warning: Reference `37' on page 24 undefined on input line 549.


LaTeX Warning: Reference `37' on page 24 undefined on input line 556.


LaTeX Warning: Reference `41' on page 24 undefined on input line 564.

[24]
Overfull \hbox (0.54324pt too wide) detected at line 573
[] []
 []


Overfull \hbox (9.1052pt too wide) detected at line 577
\OML/cmm/m/it/12 V[]  \OT1/cmr/m/n/12 =  \OML/cmm/m/it/12 max[]\OT1/cmr/m/n/12 
[\U/msb/m/n/12 P\OT1/cmr/m/n/12 (\OML/cmm/m/it/12 y[]\OMS/cmsy/m/n/12 j\OML/cmm
/m/it/12 x[] \OT1/cmr/m/n/12 = \OML/cmm/m/it/12 r\OT1/cmr/m/n/12 )\U/msb/m/n/12
 P\OT1/cmr/m/n/12 (\OML/cmm/m/it/12 x[] \OT1/cmr/m/n/12 = \OML/cmm/m/it/12 r\OM
S/cmsy/m/n/12 j\OML/cmm/m/it/12 x[] \OT1/cmr/m/n/12 = \OML/cmm/m/it/12 m; x[] \
OT1/cmr/m/n/12 = \OML/cmm/m/it/12 n\OT1/cmr/m/n/12 )\U/msb/m/n/12 P\OT1/cmr/m/n
/12 (\OML/cmm/m/it/12 y[]; x[]\OT1/cmr/m/n/12 )]
 []


LaTeX Warning: Reference `44' on page 25 undefined on input line 578.


LaTeX Warning: Reference `46' on page 25 undefined on input line 588.


LaTeX Warning: Reference `38' on page 25 undefined on input line 600.


LaTeX Warning: Reference `39' on page 25 undefined on input line 600.


LaTeX Warning: Reference `48' on page 25 undefined on input line 607.

[25] [26]
<Detection_Accuracy_vs_p_Iteration_1.png, id=120, 987.2082pt x 485.6544pt>
File: Detection_Accuracy_vs_p_Iteration_1.png Graphic file (type png)

<use Detection_Accuracy_vs_p_Iteration_1.png>
Package pdftex.def Info: Detection_Accuracy_vs_p_Iteration_1.png used on input 
line 644.
(pdftex.def)             Requested size: 469.75502pt x 231.09581pt.
 [27 <./Detection_Accuracy_vs_p_Iteration_1.png>] [28]
<Spectrum_Occupancy_DARPA_SC2_Incumbent_WLAN_DSRC_SRN_111.png, id=128, 1023.072
19pt x 467.49657pt>
File: Spectrum_Occupancy_DARPA_SC2_Incumbent_WLAN_DSRC_SRN_111.png Graphic file
 (type png)

<use Spectrum_Occupancy_DARPA_SC2_Incumbent_WLAN_DSRC_SRN_111.png>
Package pdftex.def Info: Spectrum_Occupancy_DARPA_SC2_Incumbent_WLAN_DSRC_SRN_1
11.png used on input line 676.
(pdftex.def)             Requested size: 469.75502pt x 214.65155pt.

<Spectrum_Occupancy_DARPA_SC2_Incumbent_WLAN_DSRC_SRN_112.png, id=129, 1024.577
82pt x 462.97969pt>
File: Spectrum_Occupancy_DARPA_SC2_Incumbent_WLAN_DSRC_SRN_112.png Graphic file
 (type png)

<use Spectrum_Occupancy_DARPA_SC2_Incumbent_WLAN_DSRC_SRN_112.png>
Package pdftex.def Info: Spectrum_Occupancy_DARPA_SC2_Incumbent_WLAN_DSRC_SRN_1
12.png used on input line 682.
(pdftex.def)             Requested size: 469.75502pt x 212.26678pt.

<Spectrum_Occupancy_DARPA_SC2_Incumbent_WLAN_DSRC_SRN_113.png, id=130, 1021.566
56pt x 462.97969pt>
File: Spectrum_Occupancy_DARPA_SC2_Incumbent_WLAN_DSRC_SRN_113.png Graphic file
 (type png)

<use Spectrum_Occupancy_DARPA_SC2_Incumbent_WLAN_DSRC_SRN_113.png>
Package pdftex.def Info: Spectrum_Occupancy_DARPA_SC2_Incumbent_WLAN_DSRC_SRN_1
13.png used on input line 688.
(pdftex.def)             Requested size: 469.75502pt x 212.89552pt.

<Spectrum_Occupancy_DARPA_SC2_Incumbent_WLAN_DSRC_SRN_114.png, id=131, 1026.083
44pt x 467.49657pt>
File: Spectrum_Occupancy_DARPA_SC2_Incumbent_WLAN_DSRC_SRN_114.png Graphic file
 (type png)

<use Spectrum_Occupancy_DARPA_SC2_Incumbent_WLAN_DSRC_SRN_114.png>
Package pdftex.def Info: Spectrum_Occupancy_DARPA_SC2_Incumbent_WLAN_DSRC_SRN_1
14.png used on input line 694.
(pdftex.def)             Requested size: 469.75502pt x 214.02382pt.
 [29]
[30 <./Spectrum_Occupancy_DARPA_SC2_Incumbent_WLAN_DSRC_SRN_111.png> <./Spectru
m_Occupancy_DARPA_SC2_Incumbent_WLAN_DSRC_SRN_112.png>] [31 <./Spectrum_Occupan
cy_DARPA_SC2_Incumbent_WLAN_DSRC_SRN_113.png> <./Spectrum_Occupancy_DARPA_SC2_I
ncumbent_WLAN_DSRC_SRN_114.png>]

LaTeX Warning: Reference `51' on page 32 undefined on input line 711.


LaTeX Warning: Reference `52' on page 32 undefined on input line 715.


LaTeX Warning: Reference `51' on page 32 undefined on input line 719.


LaTeX Warning: Reference `53' on page 32 undefined on input line 719.


Overfull \hbox (34.44318pt too wide) in paragraph at lines 724--725
 \T1/ptm/b/n/12 2) Back-ward Prob-a-bil-i-ties: [][] \T1/ptm/m/n/12 Let $\OML/c
mm/m/it/12 B\OT1/cmr/m/n/12 (\OML/cmm/m/it/12 j;  r\OT1/cmr/m/n/12 )$ \T1/ptm/m
/n/12 rep-re-sent the prob-a-bil-ity of ob-serv-ing $\OML/cmm/m/it/12 y[];  y[]
;  y[];  ::::::;  y[]$
 []


LaTeX Warning: Reference `56' on page 32 undefined on input line 732.


LaTeX Warning: Reference `57' on page 32 undefined on input line 740.

[32

]

LaTeX Warning: Reference `58' on page 33 undefined on input line 744.


LaTeX Warning: Reference `55' on page 33 undefined on input line 748.


Overfull \hbox (21.37497pt too wide) in paragraph at lines 753--755
\T1/ptm/m/n/12 pa-ram-e-ter es-ti-ma-tion al-go-rithm for our ap-pli-ca-tion ca
n be de-rived us-ing the Expectation-Maximization
 []

[33]

LaTeX Warning: Reference `65' on page 34 undefined on input line 779.


Overfull \hbox (23.91527pt too wide) in paragraph at lines 782--784
\T1/ptm/m/n/12 We know from Jensen's in-equal-ity that for any con-cave func-ti
on $\OML/cmm/m/it/12 f\OT1/cmr/m/n/12 (\OML/cmm/m/it/12 x\OT1/cmr/m/n/12 )$\T1/
ptm/m/n/12 , for any $\OML/cmm/m/it/12 x[]  \OMS/cmsy/m/n/12 2  \OML/cmm/m/it/1
2 dom\OT1/cmr/m/n/12 (\OML/cmm/m/it/12 f\OT1/cmr/m/n/12 ) (\OML/cmm/m/it/12 con
vex\OT1/cmr/m/n/12 )$\T1/ptm/m/n/12 ,
 []


LaTeX Warning: Reference `66' on page 34 undefined on input line 785.


LaTeX Warning: Reference `67' on page 34 undefined on input line 792.


LaTeX Warning: Reference `67' on page 34 undefined on input line 795.

[34]
Overfull \hbox (69.00024pt too wide) detected at line 842
[] []
 []


Overfull \hbox (27.77173pt too wide) detected at line 848
[] []
 []

[35]

LaTeX Warning: Reference `80' on page 36 undefined on input line 861.


LaTeX Warning: Reference `82' on page 36 undefined on input line 865.


LaTeX Warning: Reference `83' on page 36 undefined on input line 869.


LaTeX Warning: Reference `80' on page 36 undefined on input line 869.


LaTeX Warning: Reference `84' on page 36 undefined on input line 873.

[36]
Overfull \hbox (13.36867pt too wide) detected at line 892
\OML/cmm/m/it/12 a[]  \OT1/cmr/m/n/12 =  []
 []


Overfull \hbox (29.86607pt too wide) detected at line 898
[] []
 []


LaTeX Warning: Reference `92' on page 37 undefined on input line 907.


LaTeX Warning: Reference `51' on page 37 undefined on input line 913.


LaTeX Warning: Reference `55' on page 37 undefined on input line 913.


LaTeX Warning: Reference `92' on page 37 undefined on input line 916.

[37] [38] <Mean_Square_Plot_Log_Scale.png, id=164, 987.2082pt x 485.6544pt>
File: Mean_Square_Plot_Log_Scale.png Graphic file (type png)

<use Mean_Square_Plot_Log_Scale.png>
Package pdftex.def Info: Mean_Square_Plot_Log_Scale.png used on input line 957.

(pdftex.def)             Requested size: 469.75502pt x 231.09581pt.

Overfull \hbox (37.52077pt too wide) in paragraph at lines 953--962
\T1/ptm/m/n/12 ram-e-ter Es-ti-ma-tor al-go-rithm in the pre-vi-ous sub-sec-tio
n con-verges to a value of $[]  \OT1/cmr/m/n/12 =  0\OML/cmm/m/it/12 :\OT1/cmr/
m/n/12 2922942008349906$
 []

[39 <./Mean_Square_Plot_Log_Scale.png>]

LaTeX Warning: Reference `VI' on page 40 undefined on input line 976.

[40] [41] [42] [43]
Overfull \hbox (29.14166pt too wide) detected at line 1052
\OML/cmm/m/it/12 V[]\OT1/cmr/m/n/12 ([])  =  []  \OML/cmm/m/it/12 R\OT1/cmr/m/n
/12 ([]\OML/cmm/m/it/12 ;  a\OT1/cmr/m/n/12 (\OML/cmm/m/it/12 p\OT1/cmr/m/n/12 
))\OML/cmm/m/it/12 b\OT1/cmr/m/n/12 ([]) + \OML/cmm/m/it/12 ^^M []  []  \U/msb/
m/n/12 P\OT1/cmr/m/n/12 ([]\OMS/cmsy/m/n/12 j[]\OML/cmm/m/it/12 ;  a\OT1/cmr/m/
n/12 (\OML/cmm/m/it/12 p\OT1/cmr/m/n/12 )) []  []\OML/cmm/m/it/12 V\OT1/cmr/m/n
/12 ([])
 []


Overfull \hbox (17.73087pt too wide) detected at line 1054
\OML/cmm/m/it/12 V[]\OT1/cmr/m/n/12 ([])  =  []  \OML/cmm/m/it/12 R\OT1/cmr/m/n
/12 ([]\OML/cmm/m/it/12 ;  a\OT1/cmr/m/n/12 (\OML/cmm/m/it/12 p\OT1/cmr/m/n/12 
))\OML/cmm/m/it/12 b\OT1/cmr/m/n/12 ([]) + \OML/cmm/m/it/12 ^^M []  []  \U/msb/
m/n/12 P\OT1/cmr/m/n/12 ([]\OMS/cmsy/m/n/12 j[]\OML/cmm/m/it/12 ;  a\OT1/cmr/m/
n/12 (\OML/cmm/m/it/12 p\OT1/cmr/m/n/12 )) []  \U/msb/m/n/12 P\OT1/cmr/m/n/12 (
[]\OMS/cmsy/m/n/12 j\OML/cmm/m/it/12 a\OT1/cmr/m/n/12 (\OML/cmm/m/it/12 p\OT1/c
mr/m/n/12 )\OML/cmm/m/it/12 ;  []\OT1/cmr/m/n/12 )\U/msb/m/n/12 P\OT1/cmr/m/n/1
2 ([]\OMS/cmsy/m/n/12 j\OML/cmm/m/it/12 a\OT1/cmr/m/n/12 (\OML/cmm/m/it/12 p\OT
1/cmr/m/n/12 )\OML/cmm/m/it/12 ;  []\OT1/cmr/m/n/12 )\OML/cmm/m/it/12 V\OT1/cmr
/m/n/12 ([])
 []


LaTeX Warning: Reference `95' on page 44 undefined on input line 1055.


LaTeX Warning: Reference `98' on page 44 undefined on input line 1065.


LaTeX Warning: Reference `Ref. 17' on page 44 undefined on input line 1070.

[44]

LaTeX Warning: Reference `99' on page 45 undefined on input line 1076.


LaTeX Warning: Reference `100' on page 45 undefined on input line 1084.


LaTeX Warning: Reference `94' on page 45 undefined on input line 1091.


LaTeX Warning: Reference `Ref. 18' on page 45 undefined on input line 1119.

[45]

LaTeX Warning: Reference `Ref. 18' on page 46 undefined on input line 1121.


LaTeX Warning: Reference `Ref. 18' on page 46 undefined on input line 1123.


Overfull \hbox (22.89949pt too wide) in paragraph at lines 1123--1124
[]\T1/ptm/m/n/12 The Ex-haus-tive Enu-mer-a-tion strat-egy is ex-po-nen-tial in
 the ob-ser-va-tion space, i.e. $\OMS/cmsy/m/n/12 jAjj\OML/cmm/m/it/12 ^^W[]\OM
S/cmsy/m/n/12 j[]$\T1/ptm/m/n/12 .
 []


LaTeX Warning: Reference `Ref. 17' on page 46 undefined on input line 1127.


LaTeX Warning: Reference `Ref. 17' on page 46 undefined on input line 1130.

[46]

LaTeX Warning: Reference `Ref. 17' on page 47 undefined on input line 1138.


LaTeX Warning: Reference `Ref. 19' on page 47 undefined on input line 1148.


Overfull \hbox (17.97594pt too wide) in paragraph at lines 1148--1149
[]\T1/ptm/b/n/12 Initialization\T1/ptm/m/n/12 : All the el-e-ments in the ini-t
ial value func-tion $\OML/cmm/m/it/12 V[]$ \T1/ptm/m/n/12 are set to $[]\OML/cm
m/m/it/12 min[] R\OT1/cmr/m/n/12 ([]\OML/cmm/m/it/12 ;  a\OT1/cmr/m/n/12 )$
 []

[47]

LaTeX Warning: Reference `101' on page 48 undefined on input line 1152.


LaTeX Warning: Reference `Ref. 17' on page 48 undefined on input line 1158.

[48] [49] [50] [51] (./main.aux)

LaTeX Warning: There were undefined references.


LaTeX Warning: Label(s) may have changed. Rerun to get cross-references right.

 ) 
Here is how much of TeX's memory you used:
 6184 strings out of 493027
 87750 string characters out of 6134070
 162305 words of memory out of 5000000
 9542 multiletter control sequences out of 15000+600000
 107828 words of font info for 139 fonts, out of 8000000 for 9000
 1141 hyphenation exceptions out of 8191
 42i,9n,35p,646b,399s stack positions out of 5000i,500n,10000p,200000b,80000s
{/usr/local/texlive/2015/texmf-dist/fonts/enc/dvips/base/8r.enc}</usr/local/t
exlive/2015/texmf-dist/fonts/type1/public/amsfonts/cm/cmex10.pfb></usr/local/te
xlive/2015/texmf-dist/fonts/type1/public/amsfonts/cm/cmmi12.pfb></usr/local/tex
live/2015/texmf-dist/fonts/type1/public/amsfonts/cm/cmmi6.pfb></usr/local/texli
ve/2015/texmf-dist/fonts/type1/public/amsfonts/cm/cmmi8.pfb></usr/local/texlive
/2015/texmf-dist/fonts/type1/public/amsfonts/cm/cmmi9.pfb></usr/local/texlive/2
015/texmf-dist/fonts/type1/public/amsfonts/cm/cmr12.pfb></usr/local/texlive/201
5/texmf-dist/fonts/type1/public/amsfonts/cm/cmr6.pfb></usr/local/texlive/2015/t
exmf-dist/fonts/type1/public/amsfonts/cm/cmr8.pfb></usr/local/texlive/2015/texm
f-dist/fonts/type1/public/amsfonts/cm/cmr9.pfb></usr/local/texlive/2015/texmf-d
ist/fonts/type1/public/amsfonts/cm/cmsy10.pfb></usr/local/texlive/2015/texmf-di
st/fonts/type1/public/amsfonts/cm/cmsy6.pfb></usr/local/texlive/2015/texmf-dist
/fonts/type1/public/amsfonts/cm/cmsy8.pfb></usr/local/texlive/2015/texmf-dist/f
onts/type1/public/amsfonts/cm/cmsy9.pfb></usr/local/texlive/2015/texmf-dist/fon
ts/type1/public/amsfonts/symbols/msam10.pfb></usr/local/texlive/2015/texmf-dist
/fonts/type1/public/amsfonts/symbols/msbm10.pfb></usr/local/texlive/2015/texmf-
dist/fonts/type1/urw/times/utmb8a.pfb></usr/local/texlive/2015/texmf-dist/fonts
/type1/urw/times/utmr8a.pfb></usr/local/texlive/2015/texmf-dist/fonts/type1/urw
/times/utmri8a.pfb>
Output written on main.pdf (51 pages, 927706 bytes).
PDF statistics:
 268 PDF objects out of 1000 (max. 8388607)
 171 compressed objects within 2 object streams
 0 named destinations out of 1000 (max. 500000)
 81 words of extra memory for PDF output out of 10000 (max. 10000000)

