This is pdfTeX, Version 3.14159265-2.6-1.40.16 (TeX Live 2015) (preloaded format=pdflatex 2017.3.9)  10 JAN 2019 08:24
entering extended mode
 restricted \write18 enabled.
 file:line:error style messages enabled.
 %&-line parsing enabled.
**Template.tex
(./Template.tex
LaTeX2e <2016/03/31>
Babel <3.9q> and hyphenation patterns for 81 language(s) loaded.
(/usr/local/texlive/2015/texmf-dist/tex/latex/IEEEtran/IEEEtran.cls
Document Class: IEEEtran 2015/08/26 V1.8b by Michael Shell
-- See the "IEEEtran_HOWTO" manual for usage information.
-- http://www.michaelshell.org/tex/ieeetran/
\@IEEEtrantmpdimenA=\dimen102
\@IEEEtrantmpdimenB=\dimen103
\@IEEEtrantmpdimenC=\dimen104
\@IEEEtrantmpcountA=\count79
\@IEEEtrantmpcountB=\count80
\@IEEEtrantmpcountC=\count81
\@IEEEtrantmptoksA=\toks14
LaTeX Font Info:    Try loading font information for OT1+ptm on input line 503.

(/usr/local/texlive/2015/texmf-dist/tex/latex/psnfss/ot1ptm.fd
File: ot1ptm.fd 2001/06/04 font definitions for OT1/ptm.
)
-- Using 8.5in x 11in (letter) paper.
-- Using PDF output.
\@IEEEnormalsizeunitybaselineskip=\dimen105
-- This is a 12 point document.
\CLASSINFOnormalsizebaselineskip=\dimen106
\CLASSINFOnormalsizeunitybaselineskip=\dimen107
\IEEEnormaljot=\dimen108
LaTeX Font Info:    Font shape `OT1/ptm/bx/n' in size <6> not available
(Font)              Font shape `OT1/ptm/b/n' tried instead on input line 1090.
LaTeX Font Info:    Font shape `OT1/ptm/bx/it' in size <6> not available
(Font)              Font shape `OT1/ptm/b/it' tried instead on input line 1090.

LaTeX Font Info:    Font shape `OT1/ptm/bx/n' in size <8> not available
(Font)              Font shape `OT1/ptm/b/n' tried instead on input line 1090.
LaTeX Font Info:    Font shape `OT1/ptm/bx/it' in size <8> not available
(Font)              Font shape `OT1/ptm/b/it' tried instead on input line 1090.

LaTeX Font Info:    Font shape `OT1/ptm/bx/n' in size <9> not available
(Font)              Font shape `OT1/ptm/b/n' tried instead on input line 1090.
LaTeX Font Info:    Font shape `OT1/ptm/bx/it' in size <9> not available
(Font)              Font shape `OT1/ptm/b/it' tried instead on input line 1090.

LaTeX Font Info:    Font shape `OT1/ptm/bx/n' in size <10> not available
(Font)              Font shape `OT1/ptm/b/n' tried instead on input line 1090.
LaTeX Font Info:    Font shape `OT1/ptm/bx/it' in size <10> not available
(Font)              Font shape `OT1/ptm/b/it' tried instead on input line 1090.

LaTeX Font Info:    Font shape `OT1/ptm/bx/n' in size <12> not available
(Font)              Font shape `OT1/ptm/b/n' tried instead on input line 1090.
LaTeX Font Info:    Font shape `OT1/ptm/bx/it' in size <12> not available
(Font)              Font shape `OT1/ptm/b/it' tried instead on input line 1090.

LaTeX Font Info:    Font shape `OT1/ptm/bx/n' in size <14> not available
(Font)              Font shape `OT1/ptm/b/n' tried instead on input line 1090.
LaTeX Font Info:    Font shape `OT1/ptm/bx/it' in size <14> not available
(Font)              Font shape `OT1/ptm/b/it' tried instead on input line 1090.

LaTeX Font Info:    Font shape `OT1/ptm/bx/n' in size <20> not available
(Font)              Font shape `OT1/ptm/b/n' tried instead on input line 1090.
LaTeX Font Info:    Font shape `OT1/ptm/bx/it' in size <20> not available
(Font)              Font shape `OT1/ptm/b/it' tried instead on input line 1090.

LaTeX Font Info:    Font shape `OT1/ptm/bx/n' in size <22> not available
(Font)              Font shape `OT1/ptm/b/n' tried instead on input line 1090.
LaTeX Font Info:    Font shape `OT1/ptm/bx/it' in size <22> not available
(Font)              Font shape `OT1/ptm/b/it' tried instead on input line 1090.

LaTeX Font Info:    Font shape `OT1/ptm/bx/n' in size <24> not available
(Font)              Font shape `OT1/ptm/b/n' tried instead on input line 1090.
LaTeX Font Info:    Font shape `OT1/ptm/bx/it' in size <24> not available
(Font)              Font shape `OT1/ptm/b/it' tried instead on input line 1090.

\IEEEquantizedlength=\dimen109
\IEEEquantizedlengthdiff=\dimen110
\IEEEquantizedtextheightdiff=\dimen111
\IEEEilabelindentA=\dimen112
\IEEEilabelindentB=\dimen113
\IEEEilabelindent=\dimen114
\IEEEelabelindent=\dimen115
\IEEEdlabelindent=\dimen116
\IEEElabelindent=\dimen117
\IEEEiednormlabelsep=\dimen118
\IEEEiedmathlabelsep=\dimen119
\IEEEiedtopsep=\skip41
\c@section=\count82
\c@subsection=\count83
\c@subsubsection=\count84
\c@paragraph=\count85
\c@IEEEsubequation=\count86
\abovecaptionskip=\skip42
\belowcaptionskip=\skip43
\c@figure=\count87
\c@table=\count88
\@IEEEeqnnumcols=\count89
\@IEEEeqncolcnt=\count90
\@IEEEsubeqnnumrollback=\count91
\@IEEEquantizeheightA=\dimen120
\@IEEEquantizeheightB=\dimen121
\@IEEEquantizeheightC=\dimen122
\@IEEEquantizeprevdepth=\dimen123
\@IEEEquantizemultiple=\count92
\@IEEEquantizeboxA=\box26
\@IEEEtmpitemindent=\dimen124
\IEEEPARstartletwidth=\dimen125
\c@IEEEbiography=\count93
\@IEEEtranrubishbin=\box27
) (/usr/local/texlive/2015/texmf-dist/tex/latex/base/fontenc.sty
Package: fontenc 2005/09/27 v1.99g Standard LaTeX package

(/usr/local/texlive/2015/texmf-dist/tex/latex/base/t1enc.def
File: t1enc.def 2005/09/27 v1.99g Standard LaTeX file
LaTeX Font Info:    Redeclaring font encoding T1 on input line 48.
)
LaTeX Font Info:    Try loading font information for T1+ptm on input line 105.

(/usr/local/texlive/2015/texmf-dist/tex/latex/psnfss/t1ptm.fd
File: t1ptm.fd 2001/06/04 font definitions for T1/ptm.
))
(/usr/local/texlive/2015/texmf-dist/tex/latex/subfigure/subfigure.sty
Package: subfigure 2002/03/15 v2.1.5 subfigure package
\subfigtopskip=\skip44
\subfigcapskip=\skip45
\subfigcaptopadj=\dimen126
\subfigbottomskip=\skip46
\subfigcapmargin=\dimen127
\subfiglabelskip=\skip47
\c@subfigure=\count94
\c@lofdepth=\count95
\c@subtable=\count96
\c@lotdepth=\count97

****************************************
* Local config file subfigure.cfg used *
****************************************
(/usr/local/texlive/2015/texmf-dist/tex/latex/subfigure/subfigure.cfg)
\subfig@top=\skip48
\subfig@bottom=\skip49
)
(/usr/local/texlive/2015/texmf-dist/tex/generic/ulem/ulem.sty
\UL@box=\box28
\UL@hyphenbox=\box29
\UL@skip=\skip50
\UL@hook=\toks15
\UL@height=\dimen128
\UL@pe=\count98
\UL@pixel=\dimen129
\ULC@box=\box30
Package: ulem 2012/05/18
\ULdepth=\dimen130
)
(/usr/local/texlive/2015/texmf-dist/tex/latex/amsmath/amsmath.sty
Package: amsmath 2016/03/10 v2.15b AMS math features
\@mathmargin=\skip51

For additional information on amsmath, use the `?' option.
(/usr/local/texlive/2015/texmf-dist/tex/latex/amsmath/amstext.sty
Package: amstext 2000/06/29 v2.01 AMS text

(/usr/local/texlive/2015/texmf-dist/tex/latex/amsmath/amsgen.sty
File: amsgen.sty 1999/11/30 v2.0 generic functions
\@emptytoks=\toks16
\ex@=\dimen131
))
(/usr/local/texlive/2015/texmf-dist/tex/latex/amsmath/amsbsy.sty
Package: amsbsy 1999/11/29 v1.2d Bold Symbols
\pmbraise@=\dimen132
)
(/usr/local/texlive/2015/texmf-dist/tex/latex/amsmath/amsopn.sty
Package: amsopn 2016/03/08 v2.02 operator names
)
\inf@bad=\count99
LaTeX Info: Redefining \frac on input line 199.
\uproot@=\count100
\leftroot@=\count101
LaTeX Info: Redefining \overline on input line 297.
\classnum@=\count102
\DOTSCASE@=\count103
LaTeX Info: Redefining \ldots on input line 394.
LaTeX Info: Redefining \dots on input line 397.
LaTeX Info: Redefining \cdots on input line 518.
\Mathstrutbox@=\box31
\strutbox@=\box32
\big@size=\dimen133
LaTeX Font Info:    Redeclaring font encoding OML on input line 634.
LaTeX Font Info:    Redeclaring font encoding OMS on input line 635.
\macc@depth=\count104
\c@MaxMatrixCols=\count105
\dotsspace@=\muskip10
\c@parentequation=\count106
\dspbrk@lvl=\count107
\tag@help=\toks17
\row@=\count108
\column@=\count109
\maxfields@=\count110
\andhelp@=\toks18
\eqnshift@=\dimen134
\alignsep@=\dimen135
\tagshift@=\dimen136
\tagwidth@=\dimen137
\totwidth@=\dimen138
\lineht@=\dimen139
\@envbody=\toks19
\multlinegap=\skip52
\multlinetaggap=\skip53
\mathdisplay@stack=\toks20
LaTeX Info: Redefining \[ on input line 2739.
LaTeX Info: Redefining \] on input line 2740.
)
(/usr/local/texlive/2015/texmf-dist/tex/latex/tools/hhline.sty
Package: hhline 2014/10/28 v2.03 Table rule package (DPC)
)
(/usr/local/texlive/2015/texmf-dist/tex/latex/yfonts/yfonts.sty
Package: yfonts 2003/01/08 v1.3 (WaS)
)
(/usr/local/texlive/2015/texmf-dist/tex/latex/graphics/color.sty
Package: color 2016/01/03 v1.1b Standard LaTeX Color (DPC)

(/usr/local/texlive/2015/texmf-dist/tex/latex/latexconfig/color.cfg
File: color.cfg 2007/01/18 v1.5 color configuration of teTeX/TeXLive
)
Package color Info: Driver file: pdftex.def on input line 143.

(/usr/local/texlive/2015/texmf-dist/tex/latex/pdftex-def/pdftex.def
File: pdftex.def 2011/05/27 v0.06d Graphics/color for pdfTeX

(/usr/local/texlive/2015/texmf-dist/tex/generic/oberdiek/infwarerr.sty
Package: infwarerr 2010/04/08 v1.3 Providing info/warning/error messages (HO)
)
(/usr/local/texlive/2015/texmf-dist/tex/generic/oberdiek/ltxcmds.sty
Package: ltxcmds 2011/11/09 v1.22 LaTeX kernel commands for general use (HO)
)
\Gread@gobject=\count111
))
(/usr/local/texlive/2015/texmf-dist/tex/latex/soul/soul.sty
Package: soul 2003/11/17 v2.4 letterspacing/underlining (mf)
\SOUL@word=\toks21
\SOUL@lasttoken=\toks22
\SOUL@cmds=\toks23
\SOUL@buffer=\toks24
\SOUL@token=\toks25
\SOUL@spaceskip=\skip54
\SOUL@ttwidth=\dimen140
\SOUL@uldp=\dimen141
\SOUL@ulht=\dimen142
)
(/usr/local/texlive/2015/texmf-dist/tex/latex/xcolor/xcolor.sty
Package: xcolor 2007/01/21 v2.11 LaTeX color extensions (UK)

(/usr/local/texlive/2015/texmf-dist/tex/latex/latexconfig/color.cfg
File: color.cfg 2007/01/18 v1.5 color configuration of teTeX/TeXLive
)
Package xcolor Info: Driver file: pdftex.def on input line 225.
LaTeX Info: Redefining \color on input line 702.
Package xcolor Info: Model `cmy' substituted by `cmy0' on input line 1337.
Package xcolor Info: Model `hsb' substituted by `rgb' on input line 1341.
Package xcolor Info: Model `RGB' extended on input line 1353.
Package xcolor Info: Model `HTML' substituted by `rgb' on input line 1355.
Package xcolor Info: Model `Hsb' substituted by `hsb' on input line 1356.
Package xcolor Info: Model `tHsb' substituted by `hsb' on input line 1357.
Package xcolor Info: Model `HSB' substituted by `hsb' on input line 1358.
Package xcolor Info: Model `Gray' substituted by `gray' on input line 1359.
Package xcolor Info: Model `wave' substituted by `hsb' on input line 1360.
)
(/usr/local/texlive/2015/texmf-dist/tex/latex/tools/verbatim.sty
Package: verbatim 2014/10/28 v1.5q LaTeX2e package for verbatim enhancements
\every@verbatim=\toks26
\verbatim@line=\toks27
\verbatim@in@stream=\read1
)
(/usr/local/texlive/2015/texmf-dist/tex/latex/amsfonts/amssymb.sty
Package: amssymb 2013/01/14 v3.01 AMS font symbols

(/usr/local/texlive/2015/texmf-dist/tex/latex/amsfonts/amsfonts.sty
Package: amsfonts 2013/01/14 v3.01 Basic AMSFonts support
\symAMSa=\mathgroup4
\symAMSb=\mathgroup5
LaTeX Font Info:    Overwriting math alphabet `\mathfrak' in version `bold'
(Font)                  U/euf/m/n --> U/euf/b/n on input line 106.
))
(/usr/local/texlive/2015/texmf-dist/tex/latex/amscls/amsthm.sty
Package: amsthm 2015/03/04 v2.20.2
\thm@style=\toks28
\thm@bodyfont=\toks29
\thm@headfont=\toks30
\thm@notefont=\toks31
\thm@headpunct=\toks32
\thm@preskip=\skip55
\thm@postskip=\skip56
\thm@headsep=\skip57
\dth@everypar=\toks33
)
(/usr/local/texlive/2015/texmf-dist/tex/latex/float/float.sty
Package: float 2001/11/08 v1.3d Float enhancements (AL)
\c@float@type=\count112
\float@exts=\toks34
\float@box=\box33
\@float@everytoks=\toks35
\@floatcapt=\box34
)
(/usr/local/texlive/2015/texmf-dist/tex/latex/tools/bm.sty
Package: bm 2016/02/27 v1.2a Bold Symbol Support (DPC/FMi)
\symboldoperators=\mathgroup6
\symboldletters=\mathgroup7
\symboldsymbols=\mathgroup8
LaTeX Font Info:    Redeclaring math alphabet \mathbf on input line 142.
LaTeX Info: Redefining \bm on input line 208.
)
(/usr/local/texlive/2015/texmf-dist/tex/latex/url/url.sty
\Urlmuskip=\muskip11
Package: url 2013/09/16  ver 3.4  Verb mode for urls, etc.
)
(/usr/local/texlive/2015/texmf-dist/tex/latex/tools/array.sty
Package: array 2014/10/28 v2.4c Tabular extension package (FMi)
\col@sep=\dimen143
\extrarowheight=\dimen144
\NC@list=\toks36
\extratabsurround=\skip58
\backup@length=\skip59
)
(/usr/local/texlive/2015/texmf-dist/tex/latex/cite/cite.sty
LaTeX Info: Redefining \cite on input line 302.
LaTeX Info: Redefining \nocite on input line 332.
Package: cite 2015/02/27  v 5.5
)
(/usr/local/texlive/2015/texmf-dist/tex/latex/graphics/graphicx.sty
Package: graphicx 2014/10/28 v1.0g Enhanced LaTeX Graphics (DPC,SPQR)

(/usr/local/texlive/2015/texmf-dist/tex/latex/graphics/keyval.sty
Package: keyval 2014/10/28 v1.15 key=value parser (DPC)
\KV@toks@=\toks37
)
(/usr/local/texlive/2015/texmf-dist/tex/latex/graphics/graphics.sty
Package: graphics 2016/01/03 v1.0q Standard LaTeX Graphics (DPC,SPQR)

(/usr/local/texlive/2015/texmf-dist/tex/latex/graphics/trig.sty
Package: trig 2016/01/03 v1.10 sin cos tan (DPC)
)
(/usr/local/texlive/2015/texmf-dist/tex/latex/latexconfig/graphics.cfg
File: graphics.cfg 2010/04/23 v1.9 graphics configuration of TeX Live
)
Package graphics Info: Driver file: pdftex.def on input line 95.
)
\Gin@req@height=\dimen145
\Gin@req@width=\dimen146
)
(/usr/local/texlive/2015/texmf-dist/tex/latex/framed/framed.sty
Package: framed 2011/10/22 v 0.96: framed or shaded text with page breaks
\OuterFrameSep=\skip60
\fb@frw=\dimen147
\fb@frh=\dimen148
\FrameRule=\dimen149
\FrameSep=\dimen150
)
(/usr/local/texlive/2015/texmf-dist/tex/latex/preprint/balance.sty
Package: balance 1999/02/23 4.3 (PWD)
\oldvsize=\dimen151
)
(/usr/local/texlive/2015/texmf-dist/tex/latex/graphics/epsfig.sty
Package: epsfig 1999/02/16 v1.7a (e)psfig emulation (SPQR)
\epsfxsize=\dimen152
\epsfysize=\dimen153
)
(/usr/local/texlive/2015/texmf-dist/tex/latex/oberdiek/epstopdf.sty
Package: epstopdf 2010/02/09 v2.5 Conversion with epstopdf on the fly (HO)

(/usr/local/texlive/2015/texmf-dist/tex/latex/oberdiek/epstopdf-base.sty
Package: epstopdf-base 2010/02/09 v2.5 Base part for package epstopdf

(/usr/local/texlive/2015/texmf-dist/tex/latex/oberdiek/grfext.sty
Package: grfext 2010/08/19 v1.1 Manage graphics extensions (HO)

(/usr/local/texlive/2015/texmf-dist/tex/generic/oberdiek/kvdefinekeys.sty
Package: kvdefinekeys 2011/04/07 v1.3 Define keys (HO)
))
(/usr/local/texlive/2015/texmf-dist/tex/latex/oberdiek/kvoptions.sty
Package: kvoptions 2011/06/30 v3.11 Key value format for package options (HO)

(/usr/local/texlive/2015/texmf-dist/tex/generic/oberdiek/kvsetkeys.sty
Package: kvsetkeys 2012/04/25 v1.16 Key value parser (HO)

(/usr/local/texlive/2015/texmf-dist/tex/generic/oberdiek/etexcmds.sty
Package: etexcmds 2011/02/16 v1.5 Avoid name clashes with e-TeX commands (HO)

(/usr/local/texlive/2015/texmf-dist/tex/generic/oberdiek/ifluatex.sty
Package: ifluatex 2010/03/01 v1.3 Provides the ifluatex switch (HO)
Package ifluatex Info: LuaTeX not detected.
)
Package etexcmds Info: Could not find \expanded.
(etexcmds)             That can mean that you are not using pdfTeX 1.50 or
(etexcmds)             that some package has redefined \expanded.
(etexcmds)             In the latter case, load this package earlier.
)))
(/usr/local/texlive/2015/texmf-dist/tex/generic/oberdiek/pdftexcmds.sty
Package: pdftexcmds 2011/11/29 v0.20 Utility functions of pdfTeX for LuaTeX (HO
)

(/usr/local/texlive/2015/texmf-dist/tex/generic/oberdiek/ifpdf.sty
Package: ifpdf 2011/01/30 v2.3 Provides the ifpdf switch (HO)
Package ifpdf Info: pdfTeX in PDF mode is detected.
)
Package pdftexcmds Info: LuaTeX not detected.
Package pdftexcmds Info: \pdf@primitive is available.
Package pdftexcmds Info: \pdf@ifprimitive is available.
Package pdftexcmds Info: \pdfdraftmode found.
)
Package grfext Info: Graphics extension search list:
(grfext)             [.png,.pdf,.jpg,.mps,.jpeg,.jbig2,.jb2,.PNG,.PDF,.JPG,.JPE
G,.JBIG2,.JB2,.eps]
(grfext)             \AppendGraphicsExtensions on input line 452.

(/usr/local/texlive/2015/texmf-dist/tex/latex/latexconfig/epstopdf-sys.cfg
File: epstopdf-sys.cfg 2010/07/13 v1.3 Configuration of (r)epstopdf for TeX Liv
e
)))
(/usr/local/texlive/2015/texmf-dist/tex/latex/booktabs/booktabs.sty
Package: booktabs 2005/04/14 v1.61803 publication quality tables
\heavyrulewidth=\dimen154
\lightrulewidth=\dimen155
\cmidrulewidth=\dimen156
\belowrulesep=\dimen157
\belowbottomsep=\dimen158
\aboverulesep=\dimen159
\abovetopsep=\dimen160
\cmidrulesep=\dimen161
\cmidrulekern=\dimen162
\defaultaddspace=\dimen163
\@cmidla=\count113
\@cmidlb=\count114
\@aboverulesep=\dimen164
\@belowrulesep=\dimen165
\@thisruleclass=\count115
\@lastruleclass=\count116
\@thisrulewidth=\dimen166
)
(/usr/local/texlive/2015/texmf-dist/tex/latex/psnfss/courier.sty
Package: courier 2005/04/12 PSNFSS-v9.2a (WaS) 
)
(/usr/local/texlive/2015/texmf-dist/tex/latex/pseudocode/pseudocode.sty
** 
** Document Style `pseudocode' - environment 
** by D.L. Kreher and D.R. Stinson 
** 
** The pseudocode environment was originally developed for the book
** Combinatorial Algorithms: Enumeration, Generation, and Search
** CRC Press, 1999. 
Package: pseudocode 
\pcode@width=\skip61
(/usr/local/texlive/2015/texmf-dist/tex/latex/fancybox/fancybox.sty
Package: fancybox 2010/05/15 1.4

Style option: `fancybox' v1.4 <2010/05/15> (tvz)
\@fancybox=\box35
\shadowsize=\dimen167
\@Sbox=\box36
\do@VerbBox=\toks38
\the@fancyput=\toks39
\this@fancyput=\toks40
\EndVerbatimTokens=\toks41
\Verbatim@Outfile=\write3
\Verbatim@Infile=\read2
) (/usr/local/texlive/2015/texmf-dist/tex/latex/base/ifthen.sty
Package: ifthen 2014/09/29 v1.1c Standard LaTeX ifthen package (DPC)
)
\c@pseudocode=\count117
\c@pseudonum=\count118
)
(/usr/local/texlive/2015/texmf-dist/tex/latex/tools/enumerate.sty
Package: enumerate 2015/07/23 v3.00 enumerate extensions (DPC)
\@enLab=\toks42
)
(/usr/local/texlive/2015/texmf-dist/tex/latex/algorithms/algorithm.sty
Package: algorithm 2009/08/24 v0.1 Document Style `algorithm' - floating enviro
nment
\@float@every@algorithm=\toks43
\c@algorithm=\count119
)
(/usr/local/texlive/2015/texmf-dist/tex/latex/algorithmicx/algpseudocode.sty
Package: algpseudocode 

(/usr/local/texlive/2015/texmf-dist/tex/latex/algorithmicx/algorithmicx.sty
Package: algorithmicx 2005/04/27 v1.2 Algorithmicx

Document Style algorithmicx 1.2 - a greatly improved `algorithmic' style
\c@ALG@line=\count120
\c@ALG@rem=\count121
\c@ALG@nested=\count122
\ALG@tlm=\skip62
\ALG@thistlm=\skip63
\c@ALG@Lnr=\count123
\c@ALG@blocknr=\count124
\c@ALG@storecount=\count125
\c@ALG@tmpcounter=\count126
\ALG@tmplength=\skip64
)
Document Style - pseudocode environments for use with the `algorithmicx' style
)
\c@definition=\count127
\c@theorem=\count128
\c@assumption=\count129
\c@remark=\count130
 (./Template.aux)
\openout1 = `Template.aux'.

LaTeX Font Info:    Checking defaults for OML/cmm/m/it on input line 53.
LaTeX Font Info:    ... okay on input line 53.
LaTeX Font Info:    Checking defaults for T1/cmr/m/n on input line 53.
LaTeX Font Info:    ... okay on input line 53.
LaTeX Font Info:    Checking defaults for OT1/cmr/m/n on input line 53.
LaTeX Font Info:    ... okay on input line 53.
LaTeX Font Info:    Checking defaults for OMS/cmsy/m/n on input line 53.
LaTeX Font Info:    ... okay on input line 53.
LaTeX Font Info:    Checking defaults for OMX/cmex/m/n on input line 53.
LaTeX Font Info:    ... okay on input line 53.
LaTeX Font Info:    Checking defaults for U/cmr/m/n on input line 53.
LaTeX Font Info:    ... okay on input line 53.
LaTeX Font Info:    Checking defaults for LY/yfrak/m/n on input line 53.
LaTeX Font Info:    ... okay on input line 53.
LaTeX Font Info:    Checking defaults for LYG/ygoth/m/n on input line 53.
LaTeX Font Info:    ... okay on input line 53.
LaTeX Font Info:    Font shape `T1/ptm/bx/n' in size <6> not available
(Font)              Font shape `T1/ptm/b/n' tried instead on input line 53.
LaTeX Font Info:    Font shape `T1/ptm/bx/it' in size <6> not available
(Font)              Font shape `T1/ptm/b/it' tried instead on input line 53.
LaTeX Font Info:    Font shape `T1/ptm/bx/n' in size <8> not available
(Font)              Font shape `T1/ptm/b/n' tried instead on input line 53.
LaTeX Font Info:    Font shape `T1/ptm/bx/it' in size <8> not available
(Font)              Font shape `T1/ptm/b/it' tried instead on input line 53.
LaTeX Font Info:    Font shape `T1/ptm/bx/n' in size <9> not available
(Font)              Font shape `T1/ptm/b/n' tried instead on input line 53.
LaTeX Font Info:    Font shape `T1/ptm/bx/it' in size <9> not available
(Font)              Font shape `T1/ptm/b/it' tried instead on input line 53.
LaTeX Font Info:    Font shape `T1/ptm/bx/n' in size <10> not available
(Font)              Font shape `T1/ptm/b/n' tried instead on input line 53.
LaTeX Font Info:    Font shape `T1/ptm/bx/it' in size <10> not available
(Font)              Font shape `T1/ptm/b/it' tried instead on input line 53.
LaTeX Font Info:    Font shape `T1/ptm/bx/n' in size <12> not available
(Font)              Font shape `T1/ptm/b/n' tried instead on input line 53.
LaTeX Font Info:    Font shape `T1/ptm/bx/it' in size <12> not available
(Font)              Font shape `T1/ptm/b/it' tried instead on input line 53.
LaTeX Font Info:    Font shape `T1/ptm/bx/n' in size <14> not available
(Font)              Font shape `T1/ptm/b/n' tried instead on input line 53.
LaTeX Font Info:    Font shape `T1/ptm/bx/it' in size <14> not available
(Font)              Font shape `T1/ptm/b/it' tried instead on input line 53.
LaTeX Font Info:    Font shape `T1/ptm/bx/n' in size <20> not available
(Font)              Font shape `T1/ptm/b/n' tried instead on input line 53.
LaTeX Font Info:    Font shape `T1/ptm/bx/it' in size <20> not available
(Font)              Font shape `T1/ptm/b/it' tried instead on input line 53.
LaTeX Font Info:    Font shape `T1/ptm/bx/n' in size <22> not available
(Font)              Font shape `T1/ptm/b/n' tried instead on input line 53.
LaTeX Font Info:    Font shape `T1/ptm/bx/it' in size <22> not available
(Font)              Font shape `T1/ptm/b/it' tried instead on input line 53.
LaTeX Font Info:    Font shape `T1/ptm/bx/n' in size <24> not available
(Font)              Font shape `T1/ptm/b/n' tried instead on input line 53.
LaTeX Font Info:    Font shape `T1/ptm/bx/it' in size <24> not available
(Font)              Font shape `T1/ptm/b/it' tried instead on input line 53.

-- Lines per column: 32 (exact).
(/usr/local/texlive/2015/texmf-dist/tex/context/base/supp-pdf.mkii
[Loading MPS to PDF converter (version 2006.09.02).]
\scratchcounter=\count131
\scratchdimen=\dimen168
\scratchbox=\box37
\nofMPsegments=\count132
\nofMParguments=\count133
\everyMPshowfont=\toks44
\MPscratchCnt=\count134
\MPscratchDim=\dimen169
\MPnumerator=\count135
\makeMPintoPDFobject=\count136
\everyMPtoPDFconversion=\toks45
)
LaTeX Font Info:    Try loading font information for U+msa on input line 67.
 (/usr/local/texlive/2015/texmf-dist/tex/latex/amsfonts/umsa.fd
File: umsa.fd 2013/01/14 v3.01 AMS symbols A
)
LaTeX Font Info:    Try loading font information for U+msb on input line 67.

(/usr/local/texlive/2015/texmf-dist/tex/latex/amsfonts/umsb.fd
File: umsb.fd 2013/01/14 v3.01 AMS symbols B
) [1{/usr/local/texlive/2015/texmf-var/fonts/map/pdftex/updmap/pdftex.map}]
Overfull \hbox (100.21213pt too wide) in paragraph at lines 80--89
\OML/cmm/m/it/12 V[]\OT1/cmr/m/n/12 (\OML/cmm/m/it/12 i\OT1/cmr/m/n/12 )  \OMS/
cmsy/m/n/12 ^^X  N\OT1/cmr/m/n/12 (0\OML/cmm/m/it/12 ;  ^^[[]\OT1/cmr/m/n/12 )$
 \T1/ptm/m/n/12 rep-re-sents the zero-mean ad-di-tive Gaus-sian noise sam-ple [
][][]
 []


Overfull \hbox (255.0228pt too wide) in paragraph at lines 80--89
\T1/ptm/m/n/12 in be-tween the PU and the SU re-ceiver [][][] [][][] 
 []

[2]
Overfull \hbox (581.9489pt too wide) in paragraph at lines 129--132
[][][]
 []

[3]
<Spectrum_Occupancy_Spatial_Markovian_Correlation.png, id=23, 1023.07219pt x 46
5.99094pt>
File: Spectrum_Occupancy_Spatial_Markovian_Correlation.png Graphic file (type p
ng)
 <use Spectrum_Occupancy_Spatial_Markovian_Correlation.png>
Package pdftex.def Info: Spectrum_Occupancy_Spatial_Markovian_Correlation.png u
sed on input line 161.
(pdftex.def)             Requested size: 469.75502pt x 213.96024pt.

<Spectrum_Occupancy_Spatial_Independence_2.png, id=24, 1021.56656pt x 465.99094
pt>
File: Spectrum_Occupancy_Spatial_Independence_2.png Graphic file (type png)
 <use Spectrum_Occupancy_Spatial_Independence_2.png>
Package pdftex.def Info: Spectrum_Occupancy_Spatial_Independence_2.png used on 
input line 167.
(pdftex.def)             Requested size: 469.75502pt x 214.28021pt.

Underfull \hbox (badness 10000) in paragraph at lines 173--178

 []

[4 <./Spectrum_Occupancy_Spatial_Markovian_Correlation.png>]
Overfull \hbox (16.2208pt too wide) detected at line 183
\OML/cmm/m/it/12 P\OT1/cmr/m/n/12 (\OML/cmm/m/it/12 Occupied\OMS/cmsy/m/n/12 j\
OML/cmm/m/it/12 Idle\OT1/cmr/m/n/12 )  =  \OML/cmm/m/it/12 P\OT1/cmr/m/n/12 (\O
ML/cmm/m/it/12 X[] \OT1/cmr/m/n/12 = 1\OMS/cmsy/m/n/12 j\OML/cmm/m/it/12 X[] \O
T1/cmr/m/n/12 = 0)  =  \OML/cmm/m/it/12 p  \OT1/cmr/m/n/12 =  \OML/cmm/m/it/12 
P\OT1/cmr/m/n/12 (\OML/cmm/m/it/12 Occupied\OT1/cmr/m/n/12 )  =  \OML/cmm/m/it/
12 P\OT1/cmr/m/n/12 (\OML/cmm/m/it/12 X[]  \OT1/cmr/m/n/12 =  1)  = ^^E  =  0\O
ML/cmm/m/it/12 :\OT1/cmr/m/n/12 6
 []

[5 <./Spectrum_Occupancy_Spatial_Independence_2.png>]
Overfull \hbox (392.294pt too wide) in paragraph at lines 189--197
[][][] [][][]
 []

[6]
Overfull \hbox (15.75336pt too wide) detected at line 233
\OML/cmm/m/it/12 V[]  \OT1/cmr/m/n/12 =  \OML/cmm/m/it/12 max[]\OT1/cmr/m/n/12 
[\OML/cmm/m/it/12 P\OT1/cmr/m/n/12 (\OML/cmm/m/it/12 y[]; x[] \OT1/cmr/m/n/12 =
 \OML/cmm/m/it/12 l\OMS/cmsy/m/n/12 j\OML/cmm/m/it/12 x[] \OT1/cmr/m/n/12 = \OM
L/cmm/m/it/12 j\OT1/cmr/m/n/12 )\OML/cmm/m/it/12 max[]\OT1/cmr/m/n/12 [\OML/cmm
/m/it/12 P\OT1/cmr/m/n/12 (\OML/cmm/m/it/12 y[]; y[]; :::; y[]; x[]; x[]; :::; 
x[]; y[]; x[] \OT1/cmr/m/n/12 = \OML/cmm/m/it/12 j\OT1/cmr/m/n/12 )]]
 []

[7]
Overfull \hbox (11.93987pt too wide) detected at line 276
\OML/cmm/m/it/12 Ptr[] \OT1/cmr/m/n/12 = \OML/cmm/m/it/12 argmax[] P\OT1/cmr/m/
n/12 (\OML/cmm/m/it/12 x[] \OT1/cmr/m/n/12 = \OML/cmm/m/it/12 l[]\OMS/cmsy/m/n/
12 j\OML/cmm/m/it/12 x[] \OT1/cmr/m/n/12 = \OML/cmm/m/it/12 j\OT1/cmr/m/n/12 ) 
\OML/cmm/m/it/12 max[]P\OT1/cmr/m/n/12 (\OML/cmm/m/it/12 y[]; y[]; :::; y[]; x[
]; x[]; :::; x[]; y[]; x[] \OT1/cmr/m/n/12 = \OML/cmm/m/it/12 j\OT1/cmr/m/n/12 
)
 []


Overfull \hbox (11.93987pt too wide) detected at line 280
\OML/cmm/m/it/12 Ptr[] \OT1/cmr/m/n/12 = \OML/cmm/m/it/12 argmax[] max[] P\OT1/
cmr/m/n/12 (\OML/cmm/m/it/12 x[] \OT1/cmr/m/n/12 = \OML/cmm/m/it/12 l[]\OMS/cms
y/m/n/12 j\OML/cmm/m/it/12 x[] \OT1/cmr/m/n/12 = \OML/cmm/m/it/12 j\OT1/cmr/m/n
/12 )\OML/cmm/m/it/12 P\OT1/cmr/m/n/12 (\OML/cmm/m/it/12 y[]; y[]; :::; y[]; x[
]; x[]; :::; x[]; y[]; x[] \OT1/cmr/m/n/12 = \OML/cmm/m/it/12 j\OT1/cmr/m/n/12 
)
 []

[8]
Overfull \hbox (30.29303pt too wide) detected at line 301
[] []
 []


Overfull \hbox (24.78741pt too wide) detected at line 307
[] []
 []


Overfull \hbox (14.6443pt too wide) detected at line 313
[] []
 []

[9] <DetectionAccuracy_v_p_test_3_final.png, id=50, 987.2082pt x 485.6544pt>
File: DetectionAccuracy_v_p_test_3_final.png Graphic file (type png)

<use DetectionAccuracy_v_p_test_3_final.png>
Package pdftex.def Info: DetectionAccuracy_v_p_test_3_final.png used on input l
ine 344.
(pdftex.def)             Requested size: 469.75502pt x 231.09581pt.
 [10] [11 <./DetectionAccuracy_v_p_test_3_final.png>] [12

] [13]
Overfull \hbox (11.55635pt too wide) in paragraph at lines 414--419
\OML/cmm/m/it/12 P\OT1/cmr/m/n/12 (\OML/cmm/m/it/12 Occupied\OMS/cmsy/m/n/12 j\
OML/cmm/m/it/12 Idle\OT1/cmr/m/n/12 )  =  \OML/cmm/m/it/12 p$ \T1/ptm/m/n/12 is
 in-cre-mented in steps of $\OT1/cmr/m/n/12 0\OML/cmm/m/it/12 :\OT1/cmr/m/n/12 
03$ \T1/ptm/m/n/12 from $\OT1/cmr/m/n/12 0\OML/cmm/m/it/12 :\OT1/cmr/m/n/12 03$
 \T1/ptm/m/n/12 all the way up to $\OML/cmm/m/it/12 P\OT1/cmr/m/n/12 (\OML/cmm/
m/it/12 Occupied\OT1/cmr/m/n/12 )  =
 []

[14] <Uniform_Channel_Sensing_1.png, id=69, 462.528pt x 346.896pt>
File: Uniform_Channel_Sensing_1.png Graphic file (type png)

<use Uniform_Channel_Sensing_1.png>
Package pdftex.def Info: Uniform_Channel_Sensing_1.png used on input line 426.
(pdftex.def)             Requested size: 469.75502pt x 352.33655pt.

<Uniform_Channel_Sensing.png, id=70, 462.528pt x 346.896pt>
File: Uniform_Channel_Sensing.png Graphic file (type png)

<use Uniform_Channel_Sensing.png>
Package pdftex.def Info: Uniform_Channel_Sensing.png used on input line 432.
(pdftex.def)             Requested size: 469.75502pt x 352.33655pt.

<Uniform_Channel_Sensing_Duals.png, id=71, 462.528pt x 346.896pt>
File: Uniform_Channel_Sensing_Duals.png Graphic file (type png)

<use Uniform_Channel_Sensing_Duals.png>
Package pdftex.def Info: Uniform_Channel_Sensing_Duals.png used on input line 4
38.
(pdftex.def)             Requested size: 469.75502pt x 352.33655pt.

<Random_Channel_Sensing.png, id=72, 462.528pt x 346.896pt>
File: Random_Channel_Sensing.png Graphic file (type png)

<use Random_Channel_Sensing.png>
Package pdftex.def Info: Random_Channel_Sensing.png used on input line 444.
(pdftex.def)             Requested size: 469.75502pt x 352.33655pt.

<Random_Channel_Sensing_Duals.png, id=73, 462.528pt x 346.896pt>
File: Random_Channel_Sensing_Duals.png Graphic file (type png)

<use Random_Channel_Sensing_Duals.png>
Package pdftex.def Info: Random_Channel_Sensing_Duals.png used on input line 45
0.
(pdftex.def)             Requested size: 469.75502pt x 352.33655pt.
 [15] [16 <./Uniform_Channel_Sensing_1.png>] [17 <./Uniform_Channel_Sensing.png
>] [18 <./Uniform_Channel_Sensing_Duals.png>] [19 <./Random_Channel_Sensing.png
>] [20 <./Random_Channel_Sensing_Duals.png>] [21

]
Overfull \hbox (28.14856pt too wide) detected at line 485
\OML/cmm/m/it/12 r;  m;  n  \OMS/cmsy/m/n/12 2  f\OT1/cmr/m/n/12 0\OML/cmm/m/it
/12 ; \OT1/cmr/m/n/12 1\OMS/cmsy/m/n/12 g \OML/cmm/m/it/12 represents the PU oc
cupancy state in a particular channel at a particular time
 []


Overfull \hbox (16.2208pt too wide) detected at line 501
\OML/cmm/m/it/12 P\OT1/cmr/m/n/12 (\OML/cmm/m/it/12 Occupied\OMS/cmsy/m/n/12 j\
OML/cmm/m/it/12 Idle\OT1/cmr/m/n/12 )  =  \OML/cmm/m/it/12 P\OT1/cmr/m/n/12 (\O
ML/cmm/m/it/12 X[] \OT1/cmr/m/n/12 = 1\OMS/cmsy/m/n/12 j\OML/cmm/m/it/12 X[] \O
T1/cmr/m/n/12 = 0)  =  \OML/cmm/m/it/12 p  \OT1/cmr/m/n/12 =  \OML/cmm/m/it/12 
P\OT1/cmr/m/n/12 (\OML/cmm/m/it/12 Occupied\OT1/cmr/m/n/12 )  =  \OML/cmm/m/it/
12 P\OT1/cmr/m/n/12 (\OML/cmm/m/it/12 X[]  \OT1/cmr/m/n/12 =  1)  = ^^E  =  0\O
ML/cmm/m/it/12 :\OT1/cmr/m/n/12 6
 []


<Spectrum_Occupancy_SpatioTemporal_Markovian_Correlation.png, id=101, 1023.0721
9pt x 465.99094pt>
File: Spectrum_Occupancy_SpatioTemporal_Markovian_Correlation.png Graphic file 
(type png)

<use Spectrum_Occupancy_SpatioTemporal_Markovian_Correlation.png>
Package pdftex.def Info: Spectrum_Occupancy_SpatioTemporal_Markovian_Correlatio
n.png used on input line 504.
(pdftex.def)             Requested size: 469.75502pt x 213.96024pt.

<Spectrum_Occupancy_SpatioTemporal_Independence_2.png, id=102, 1024.57782pt x 4
64.4853pt>
File: Spectrum_Occupancy_SpatioTemporal_Independence_2.png Graphic file (type p
ng)
 <use Spectrum_Occupancy_SpatioTemporal_Independence_2.png>
Package pdftex.def Info: Spectrum_Occupancy_SpatioTemporal_Independence_2.png u
sed on input line 510.
(pdftex.def)             Requested size: 469.75502pt x 212.95709pt.
 [22]
[23 <./Spectrum_Occupancy_SpatioTemporal_Markovian_Correlation.png> <./Spectrum
_Occupancy_SpatioTemporal_Independence_2.png>]
Overfull \hbox (1.36783pt too wide) in paragraph at lines 526--527
 \T1/ptm/b/n/12 2) Defin-ing the Prob-a-bil-ity terms: [][] \T1/ptm/m/n/12 The 
joint prob-a-bil-ity term for an-a-lyz-ing the state-observation
 []


Overfull \hbox (12.58026pt too wide) detected at line 541
\OML/cmm/m/it/12 P\OT1/cmr/m/n/12 (\OML/cmm/m/it/12 y[]\OMS/cmsy/m/n/12 j\OML/c
mm/m/it/12 x[] \OT1/cmr/m/n/12 = \OML/cmm/m/it/12 r; x[] \OT1/cmr/m/n/12 = \OML
/cmm/m/it/12 m; x[] \OT1/cmr/m/n/12 = \OML/cmm/m/it/12 n\OT1/cmr/m/n/12 )\OML/c
mm/m/it/12 P\OT1/cmr/m/n/12 (\OML/cmm/m/it/12 x[] \OT1/cmr/m/n/12 = \OML/cmm/m/
it/12 r\OMS/cmsy/m/n/12 j\OML/cmm/m/it/12 x[] \OT1/cmr/m/n/12 = \OML/cmm/m/it/1
2 m; x[] \OT1/cmr/m/n/12 = \OML/cmm/m/it/12 n\OT1/cmr/m/n/12 )\OML/cmm/m/it/12 
P\OT1/cmr/m/n/12 (\OML/cmm/m/it/12 y[]; x[]\OT1/cmr/m/n/12 )
 []

[24] [25]
Overfull \hbox (4.28754pt too wide) detected at line 586
[] []
 []


Overfull \hbox (14.72163pt too wide) detected at line 590
\OML/cmm/m/it/12 V[]  \OT1/cmr/m/n/12 =  \OML/cmm/m/it/12 max[]\OT1/cmr/m/n/12 
[\OML/cmm/m/it/12 P\OT1/cmr/m/n/12 (\OML/cmm/m/it/12 y[]\OMS/cmsy/m/n/12 j\OML/
cmm/m/it/12 x[] \OT1/cmr/m/n/12 = \OML/cmm/m/it/12 r\OT1/cmr/m/n/12 )\OML/cmm/m
/it/12 P\OT1/cmr/m/n/12 (\OML/cmm/m/it/12 x[] \OT1/cmr/m/n/12 = \OML/cmm/m/it/1
2 r\OMS/cmsy/m/n/12 j\OML/cmm/m/it/12 x[] \OT1/cmr/m/n/12 = \OML/cmm/m/it/12 m;
 x[] \OT1/cmr/m/n/12 = \OML/cmm/m/it/12 n\OT1/cmr/m/n/12 )\OML/cmm/m/it/12 P\OT
1/cmr/m/n/12 (\OML/cmm/m/it/12 y[]; x[]\OT1/cmr/m/n/12 )]
 []

[26] [27]
Overfull \hbox (1.13354pt too wide) detected at line 651
\OML/cmm/m/it/12 P\OT1/cmr/m/n/12 (\OML/cmm/m/it/12 Occupied\OMS/cmsy/m/n/12 j\
OML/cmm/m/it/12 Idle\OT1/cmr/m/n/12 )  =  \OML/cmm/m/it/12 P\OT1/cmr/m/n/12 (\O
ML/cmm/m/it/12 X[] \OT1/cmr/m/n/12 = 1\OMS/cmsy/m/n/12 j\OML/cmm/m/it/12 X[] \O
T1/cmr/m/n/12 = 0)  =  \OML/cmm/m/it/12 p is varied from \OT1/cmr/m/n/12 0\OML/
cmm/m/it/12 :\OT1/cmr/m/n/12 03 \OML/cmm/m/it/12 to \OT1/cmr/m/n/12 0\OML/cmm/m
/it/12 :\OT1/cmr/m/n/12 6 (\OML/cmm/m/it/12 independence\OT1/cmr/m/n/12 )
 []

<Detection_Accuracy_vs_p_Iteration_1.png, id=122, 987.2082pt x 485.6544pt>
File: Detection_Accuracy_vs_p_Iteration_1.png Graphic file (type png)

<use Detection_Accuracy_vs_p_Iteration_1.png>
Package pdftex.def Info: Detection_Accuracy_vs_p_Iteration_1.png used on input 
line 657.
(pdftex.def)             Requested size: 469.75502pt x 231.09581pt.
 [28 <./Detection_Accuracy_vs_p_Iteration_1.png>] [29]
<Spectrum_Occupancy_DARPA_SC2_Incumbent_WLAN_DSRC_SRN_111.png, id=130, 1023.072
19pt x 467.49657pt>
File: Spectrum_Occupancy_DARPA_SC2_Incumbent_WLAN_DSRC_SRN_111.png Graphic file
 (type png)

<use Spectrum_Occupancy_DARPA_SC2_Incumbent_WLAN_DSRC_SRN_111.png>
Package pdftex.def Info: Spectrum_Occupancy_DARPA_SC2_Incumbent_WLAN_DSRC_SRN_1
11.png used on input line 689.
(pdftex.def)             Requested size: 469.75502pt x 214.65155pt.

<Spectrum_Occupancy_DARPA_SC2_Incumbent_WLAN_DSRC_SRN_112.png, id=131, 1024.577
82pt x 462.97969pt>
File: Spectrum_Occupancy_DARPA_SC2_Incumbent_WLAN_DSRC_SRN_112.png Graphic file
 (type png)

<use Spectrum_Occupancy_DARPA_SC2_Incumbent_WLAN_DSRC_SRN_112.png>
Package pdftex.def Info: Spectrum_Occupancy_DARPA_SC2_Incumbent_WLAN_DSRC_SRN_1
12.png used on input line 695.
(pdftex.def)             Requested size: 469.75502pt x 212.26678pt.

<Spectrum_Occupancy_DARPA_SC2_Incumbent_WLAN_DSRC_SRN_113.png, id=132, 1021.566
56pt x 462.97969pt>
File: Spectrum_Occupancy_DARPA_SC2_Incumbent_WLAN_DSRC_SRN_113.png Graphic file
 (type png)

<use Spectrum_Occupancy_DARPA_SC2_Incumbent_WLAN_DSRC_SRN_113.png>
Package pdftex.def Info: Spectrum_Occupancy_DARPA_SC2_Incumbent_WLAN_DSRC_SRN_1
13.png used on input line 701.
(pdftex.def)             Requested size: 469.75502pt x 212.89552pt.

<Spectrum_Occupancy_DARPA_SC2_Incumbent_WLAN_DSRC_SRN_114.png, id=133, 1026.083
44pt x 467.49657pt>
File: Spectrum_Occupancy_DARPA_SC2_Incumbent_WLAN_DSRC_SRN_114.png Graphic file
 (type png)

<use Spectrum_Occupancy_DARPA_SC2_Incumbent_WLAN_DSRC_SRN_114.png>
Package pdftex.def Info: Spectrum_Occupancy_DARPA_SC2_Incumbent_WLAN_DSRC_SRN_1
14.png used on input line 707.
(pdftex.def)             Requested size: 469.75502pt x 214.02382pt.
 [30]
[31 <./Spectrum_Occupancy_DARPA_SC2_Incumbent_WLAN_DSRC_SRN_111.png> <./Spectru
m_Occupancy_DARPA_SC2_Incumbent_WLAN_DSRC_SRN_112.png>] [32 <./Spectrum_Occupan
cy_DARPA_SC2_Incumbent_WLAN_DSRC_SRN_113.png> <./Spectrum_Occupancy_DARPA_SC2_I
ncumbent_WLAN_DSRC_SRN_114.png>] [33

] [34] [35]
Overfull \hbox (34.44318pt too wide) in paragraph at lines 817--818
 \T1/ptm/b/n/12 2) Back-ward Prob-a-bil-i-ties: [][] \T1/ptm/m/n/12 Let $\OML/c
mm/m/it/12 B\OT1/cmr/m/n/12 (\OML/cmm/m/it/12 j;  r\OT1/cmr/m/n/12 )$ \T1/ptm/m
/n/12 rep-re-sent the prob-a-bil-ity of ob-serv-ing $\OML/cmm/m/it/12 y[];  y[]
;  y[];  ::::::;  y[]$
 []

[36]
Overfull \hbox (3.52322pt too wide) detected at line 864
\OML/cmm/m/it/12 P\OT1/cmr/m/n/12 (\OML/cmm/m/it/12 x[] \OT1/cmr/m/n/12 = \OML/
cmm/m/it/12 l;  y[] \OMS/cmsy/m/n/12 j \OML/cmm/m/it/12 x[] \OT1/cmr/m/n/12 = \
OML/cmm/m/it/12 r\OT1/cmr/m/n/12 )  =  []
 []

[37]
Overfull \hbox (28.3727pt too wide) detected at line 894
[] []
 []


Overfull \hbox (61.54276pt too wide) detected at line 912
[] []
 []

[38] [39] [40] [41] [42] (./Template.aux) ) 
Here is how much of TeX's memory you used:
 6157 strings out of 493027
 87514 string characters out of 6134070
 163231 words of memory out of 5000000
 9514 multiletter control sequences out of 15000+600000
 107828 words of font info for 139 fonts, out of 8000000 for 9000
 1141 hyphenation exceptions out of 8191
 42i,12n,35p,650b,253s stack positions out of 5000i,500n,10000p,200000b,80000s
{/usr/local/texlive/2015/texmf-dist/
fonts/enc/dvips/base/8r.enc}</usr/local/texlive/2015/texmf-dist/fonts/type1/pub
lic/amsfonts/cm/cmex10.pfb></usr/local/texlive/2015/texmf-dist/fonts/type1/publ
ic/amsfonts/cm/cmmi12.pfb></usr/local/texlive/2015/texmf-dist/fonts/type1/publi
c/amsfonts/cm/cmmi6.pfb></usr/local/texlive/2015/texmf-dist/fonts/type1/public/
amsfonts/cm/cmmi8.pfb></usr/local/texlive/2015/texmf-dist/fonts/type1/public/am
sfonts/cm/cmmi9.pfb></usr/local/texlive/2015/texmf-dist/fonts/type1/public/amsf
onts/cm/cmr12.pfb></usr/local/texlive/2015/texmf-dist/fonts/type1/public/amsfon
ts/cm/cmr6.pfb></usr/local/texlive/2015/texmf-dist/fonts/type1/public/amsfonts/
cm/cmr8.pfb></usr/local/texlive/2015/texmf-dist/fonts/type1/public/amsfonts/cm/
cmr9.pfb></usr/local/texlive/2015/texmf-dist/fonts/type1/public/amsfonts/cm/cms
y10.pfb></usr/local/texlive/2015/texmf-dist/fonts/type1/public/amsfonts/cm/cmsy
6.pfb></usr/local/texlive/2015/texmf-dist/fonts/type1/public/amsfonts/cm/cmsy8.
pfb></usr/local/texlive/2015/texmf-dist/fonts/type1/public/amsfonts/cm/cmsy9.pf
b></usr/local/texlive/2015/texmf-dist/fonts/type1/public/amsfonts/symbols/msam1
0.pfb></usr/local/texlive/2015/texmf-dist/fonts/type1/public/amsfonts/symbols/m
sbm10.pfb></usr/local/texlive/2015/texmf-dist/fonts/type1/urw/times/utmb8a.pfb>
</usr/local/texlive/2015/texmf-dist/fonts/type1/urw/times/utmr8a.pfb></usr/loca
l/texlive/2015/texmf-dist/fonts/type1/urw/times/utmri8a.pfb>
Output written on Template.pdf (42 pages, 863713 bytes).
PDF statistics:
 237 PDF objects out of 1000 (max. 8388607)
 151 compressed objects within 2 object streams
 0 named destinations out of 1000 (max. 500000)
 76 words of extra memory for PDF output out of 10000 (max. 10000000)

