ROCs: P_D vs P_FA

C:\Users\kesha\Workspaces\venv\Scripts\python.exe C:/Users/kesha/Workspaces/Minerva/src/NeymanPearsonModeling.py
[INFO] NeymanPearsonModeling main: Triggering the evaluation of the Neyman Pearson Detection basednon-POMDP agent
[INFO] NeymanPearsonModeling Initialization: Bringing things up...
[INFO] Channel Initialization: Bringing things up...
[INFO] NeymanPearsonModeling Initialization: Bringing things up...
[INFO] Channel Initialization: Bringing things up...
[INFO] NeymanPearsonModeling Initialization: Bringing things up...
[INFO] Channel Initialization: Bringing things up...
[INFO] NeymanPearsonModeling Initialization: Bringing things up...
[INFO] Channel Initialization: Bringing things up...
[INFO] NeymanPearsonModeling Initialization: Bringing things up...
[INFO] Channel Initialization: Bringing things up...
[INFO] NeymanPearsonModeling Initialization: Bringing things up...
[INFO] Channel Initialization: Bringing things up...
[INFO] NeymanPearsonModeling Initialization: Bringing things up...
[INFO] Channel Initialization: Bringing things up...
[INFO] NeymanPearsonModeling Initialization: Bringing things up...
[INFO] Channel Initialization: Bringing things up...
[INFO] NeymanPearsonModeling Initialization: Bringing things up...
[INFO] Channel Initialization: Bringing things up...
[INFO] NeymanPearsonModeling Initialization: Bringing things up...
[INFO] Channel Initialization: Bringing things up...
[INFO] NeymanPearsonModeling Initialization: Bringing things up...
[INFO] Channel Initialization: Bringing things up...
[INFO] NeymanPearsonModeling Initialization: Bringing things up...
[INFO] Channel Initialization: Bringing things up...
[INFO] NeymanPearsonModeling Initialization: Bringing things up...
[INFO] Channel Initialization: Bringing things up...
[INFO] NeymanPearsonModeling Initialization: Bringing things up...
[INFO] Channel Initialization: Bringing things up...
[INFO] NeymanPearsonModeling Initialization: Bringing things up...
[INFO] Channel Initialization: Bringing things up...
[INFO] NeymanPearsonModeling Initialization: Bringing things up...
[INFO] Channel Initialization: Bringing things up...
[INFO] NeymanPearsonModeling Initialization: Bringing things up...
[INFO] Channel Initialization: Bringing things up...
[INFO] NeymanPearsonModeling Initialization: Bringing things up...
[INFO] Channel Initialization: Bringing things up...
[INFO] NeymanPearsonModeling Initialization: Bringing things up...
[INFO] Channel Initialization: Bringing things up...
[INFO] NeymanPearsonModeling Initialization: Bringing things up...
[INFO] Channel Initialization: Bringing things up...
[INFO] NeymanPearsonModeling Initialization: Bringing things up...
[INFO] Channel Initialization: Bringing things up...
[INFO] SecondaryUser Initialization: Bringing things up...
[INFO] NeymanPearsonDetector Initialization: Bringing things up...
[INFO] SecondaryUser Initialization: Bringing things up...
[INFO] NeymanPearsonDetector Initialization: Bringing things up...
[INFO] SecondaryUser Initialization: Bringing things up...
[INFO] NeymanPearsonDetector Initialization: Bringing things up...
[INFO] SecondaryUser Initialization: Bringing things up...
[INFO] NeymanPearsonDetector Initialization: Bringing things up...
[INFO] SecondaryUser Initialization: Bringing things up...
[INFO] NeymanPearsonDetector Initialization: Bringing things up...
[INFO] SecondaryUser Initialization: Bringing things up...
[INFO] SecondaryUser Initialization: Bringing things up...
[INFO] NeymanPearsonDetector Initialization: Bringing things up...
[INFO] NeymanPearsonDetector Initialization: Bringing things up...
[INFO] SecondaryUser Initialization: Bringing things up...
[INFO] SecondaryUser Initialization: Bringing things up...
[INFO] SecondaryUser Initialization: Bringing things up...
[INFO] SecondaryUser Initialization: Bringing things up...
[INFO] NeymanPearsonDetector Initialization: Bringing things up...
[INFO] SecondaryUser Initialization: Bringing things up...
[INFO] NeymanPearsonDetector Initialization: Bringing things up...
[INFO] SecondaryUser Initialization: Bringing things up...
[INFO] NeymanPearsonDetector Initialization: Bringing things up...
[INFO] SecondaryUser Initialization: Bringing things up...
[INFO] NeymanPearsonDetector Initialization: Bringing things up...
[INFO] SecondaryUser Initialization: Bringing things up...
[INFO] SecondaryUser Initialization: Bringing things up...
[INFO] SecondaryUser Initialization: Bringing things up...
[INFO] NeymanPearsonDetector Initialization: Bringing things up...
[INFO] SecondaryUser Initialization: Bringing things up...
[INFO] NeymanPearsonDetector Initialization: Bringing things up...
[INFO] NeymanPearsonDetector Initialization: Bringing things up...
[INFO] NeymanPearsonDetector Initialization: Bringing things up...
[INFO] SecondaryUser Initialization: Bringing things up...
[INFO] NeymanPearsonDetector Initialization: Bringing things up...
[INFO] SecondaryUser Initialization: Bringing things up...
[INFO] SecondaryUser Initialization: Bringing things up...
[INFO] NeymanPearsonDetector Initialization: Bringing things up...
[INFO] NeymanPearsonDetector Initialization: Bringing things up...
[INFO] NeymanPearsonDetector Initialization: Bringing things up...
[INFO] NeymanPearsonDetector Initialization: Bringing things up...
[INFO] NeymanPearsonDetector Initialization: Bringing things up...
[INFO] NeymanPearsonModeling main: ROC = [{0.0: 1.0, 0.05: 1.0, 0.1: 1.0, 0.15000000000000002: 1.0, 0.2: 0.9055555555555556, 0.25: 0.8452777777777778, 0.30000000000000004: 0.7955555555555556, 0.35000000000000003: 0.7625, 0.4: 0.7044444444444444, 0.45: 0.6566666666666666, 0.5: 0.5905555555555555, 0.55: 0.5208333333333334, 0.6000000000000001: 0.4625, 0.65: 0.39666666666666667, 0.7000000000000001: 0.36, 0.75: 0.29777777777777775, 0.8: 0.23916666666666667, 0.8500000000000001: 0.1736111111111111, 0.9: 0.1025, 0.9500000000000001: 0.06277777777777778, 1.0: 0.0}]
[INFO] NeymanPearsonModeling main: ROC = [dict_values([1.0, 1.0, 1.0, 1.0, 0.9055555555555556, 0.8452777777777778, 0.7955555555555556, 0.7625, 0.7044444444444444, 0.6566666666666666, 0.5905555555555555, 0.5208333333333334, 0.4625, 0.39666666666666667, 0.36, 0.29777777777777775, 0.23916666666666667, 0.1736111111111111, 0.1025, 0.06277777777777778, 0.0])]

Process finished with exit code 0