100 Sampling Rounds | 100 Time-Steps

C:\Users\kesha\Workspaces\venv\Scripts\python.exe C:/Users/kesha/Workspaces/Minerva/src/DistributedCollaborativeSARSA.py
DistributedCollaborativeSARSA main: Starting the distributed multi-agent multi-band collaborative SARSA framework
DistributedCollaborativeSARA Initialization: Bringing things up...
DistributedCollaborativeSARA Initialization: Bringing things up...
DistributedCollaborativeSARA Initialization: Bringing things up...
DistributedCollaborativeSARA Initialization: Bringing things up...
DistributedCollaborativeSARA Initialization: Bringing things up...
DistributedCollaborativeSARA Initialization: Bringing things up...
DistributedCollaborativeSARA Initialization: Bringing things up...
DistributedCollaborativeSARA Initialization: Bringing things up...
DistributedCollaborativeSARA Initialization: Bringing things up...
DistributedCollaborativeSARA Initialization: Bringing things up...
DistributedCollaborativeSARA Initialization: Bringing things up...
DistributedCollaborativeSARA Initialization: Bringing things up...
DistributedCollaborativeSARA Initialization: Bringing things up...
DistributedCollaborativeSARA Initialization: Bringing things up...
DistributedCollaborativeSARA Initialization: Bringing things up...
DistributedCollaborativeSARA Initialization: Bringing things up...
DistributedCollaborativeSARA Initialization: Bringing things up...
DistributedCollaborativeSARA Initialization: Bringing things up...
DistributedCollaborativeSARA Initialization: Bringing things up...
DistributedCollaborativeSARA Initialization: Bringing things up...
DistributedCollaborativeSARA Initialization: Bringing things up...
[INFO] DistributedCollaborativeSARSA main: ROC = [{0.0: 0.9514285714285714, 0.05: 0.91, 0.1: 0.8971428571428571, 0.15000000000000002: 0.8328571428571429, 0.2: 0.63, 0.25: 0.8857142857142857, 0.30000000000000004: 0.7528571428571429, 0.35000000000000003: 0.62, 0.4: 0.5342857142857143, 0.45: 0.5157142857142857, 0.5: 0.5785714285714286, 0.55: 0.5271428571428571, 0.6000000000000001: 0.48714285714285716, 0.65: 0.41285714285714287, 0.7000000000000001: 0.3914285714285714, 0.75: 0.37, 0.8: 0.31857142857142856, 0.8500000000000001: 0.2957142857142857, 0.9: 0.21571428571428572, 0.9500000000000001: 0.18142857142857144, 1.0: 0.12714285714285714}]
[INFO] DistributedCollaborativeSARSA main: ROC = [dict_values([0.9514285714285714, 0.91, 0.8971428571428571, 0.8328571428571429, 0.63, 0.8857142857142857, 0.7528571428571429, 0.62, 0.5342857142857143, 0.5157142857142857, 0.5785714285714286, 0.5271428571428571, 0.48714285714285716, 0.41285714285714287, 0.3914285714285714, 0.37, 0.31857142857142856, 0.2957142857142857, 0.21571428571428572, 0.18142857142857144, 0.12714285714285714])]
DistributedCollaborativeSARSA main: Distributed multi-agent multi-band collaborative SARSA framework evaluation completed

Process finished with exit code 0

300 Sampling Rounds | 300 Time-Steps

C:\Users\kesha\Workspaces\venv\Scripts\python.exe C:/Users/kesha/Workspaces/Minerva/src/DistributedCollaborativeSARSA.py
DistributedCollaborativeSARSA main: Starting the distributed multi-agent multi-band collaborative SARSA framework
DistributedCollaborativeSARA Initialization: Bringing things up...
DistributedCollaborativeSARA Initialization: Bringing things up...
DistributedCollaborativeSARA Initialization: Bringing things up...
DistributedCollaborativeSARA Initialization: Bringing things up...
DistributedCollaborativeSARA Initialization: Bringing things up...
DistributedCollaborativeSARA Initialization: Bringing things up...DistributedCollaborativeSARA Initialization: Bringing things up...
DistributedCollaborativeSARA Initialization: Bringing things up...

DistributedCollaborativeSARA Initialization: Bringing things up...
DistributedCollaborativeSARA Initialization: Bringing things up...
DistributedCollaborativeSARA Initialization: Bringing things up...
DistributedCollaborativeSARA Initialization: Bringing things up...
DistributedCollaborativeSARA Initialization: Bringing things up...
DistributedCollaborativeSARA Initialization: Bringing things up...
DistributedCollaborativeSARA Initialization: Bringing things up...
DistributedCollaborativeSARA Initialization: Bringing things up...
DistributedCollaborativeSARA Initialization: Bringing things up...
DistributedCollaborativeSARA Initialization: Bringing things up...
DistributedCollaborativeSARA Initialization: Bringing things up...
DistributedCollaborativeSARA Initialization: Bringing things up...
DistributedCollaborativeSARA Initialization: Bringing things up...
[INFO] DistributedCollaborativeSARSA main: ROC = [{0.0: 0.9847619047619047, 0.05: 1.0, 0.1: 0.8219047619047619, 0.15000000000000002: 0.9342857142857143, 0.2: 0.8533333333333334, 0.25: 0.6957142857142857, 0.30000000000000004: 0.5966666666666667, 0.35000000000000003: 0.6814285714285714, 0.4: 0.6980952380952381, 0.45: 0.6928571428571428, 0.5: 0.5819047619047619, 0.55: 0.4804761904761905, 0.6000000000000001: 0.44857142857142857, 0.65: 0.46, 0.7000000000000001: 0.43, 0.75: 0.3171428571428571, 0.8: 0.36857142857142855, 0.8500000000000001: 0.29428571428571426, 0.9: 0.2633333333333333, 0.9500000000000001: 0.13238095238095238, 1.0: 0.15428571428571428}]
[INFO] DistributedCollaborativeSARSA main: ROC = [dict_values([0.9847619047619047, 1.0, 0.8219047619047619, 0.9342857142857143, 0.8533333333333334, 0.6957142857142857, 0.5966666666666667, 0.6814285714285714, 0.6980952380952381, 0.6928571428571428, 0.5819047619047619, 0.4804761904761905, 0.44857142857142857, 0.46, 0.43, 0.3171428571428571, 0.36857142857142855, 0.29428571428571426, 0.2633333333333333, 0.13238095238095238, 0.15428571428571428])]
DistributedCollaborativeSARSA main: Distributed multi-agent multi-band collaborative SARSA framework evaluation completed

Process finished with exit code 0
